<?xml version="1.0" encoding="UTF-8"?>
<coverage generated="1536707927311" clover="3.2.0">
  <project timestamp="1536707927311" name="All files">
    <metrics statements="237" coveredstatements="155" conditionals="63" coveredconditionals="40" methods="114" coveredmethods="74" elements="414" coveredelements="269" complexity="0" loc="237" ncloc="237" packages="7" files="38" classes="38">
      <package name="javascript">
        <metrics statements="6" coveredstatements="5" conditionals="2" coveredconditionals="1" methods="1" coveredmethods="1"/>
        <file name="constants.js" path="/Users/ctanner/sites/big_creek_gardens/app/javascript/constants.js">
          <metrics statements="1" coveredstatements="1" conditionals="0" coveredconditionals="0" methods="0" coveredmethods="0"/>
          <line num="1" count="20" type="stmt"/>
        </file>
        <file name="custom_axios.js" path="/Users/ctanner/sites/big_creek_gardens/app/javascript/custom_axios.js">
          <metrics statements="1" coveredstatements="1" conditionals="0" coveredconditionals="0" methods="0" coveredmethods="0"/>
          <line num="3" count="14" type="stmt"/>
        </file>
        <file name="utils.js" path="/Users/ctanner/sites/big_creek_gardens/app/javascript/utils.js">
          <metrics statements="4" coveredstatements="3" conditionals="2" coveredconditionals="1" methods="1" coveredmethods="1"/>
          <line num="3" count="4" type="stmt"/>
          <line num="4" count="3" type="cond" truecount="1" falsecount="1"/>
          <line num="5" count="0" type="stmt"/>
          <line num="7" count="3" type="stmt"/>
        </file>
      </package>
      <package name="javascript.actions">
        <metrics statements="32" coveredstatements="30" conditionals="11" coveredconditionals="7" methods="18" coveredmethods="18"/>
        <file name="cart.js" path="/Users/ctanner/sites/big_creek_gardens/app/javascript/actions/cart.js">
          <metrics statements="16" coveredstatements="14" conditionals="8" coveredconditionals="4" methods="5" coveredmethods="5"/>
          <line num="3" count="9" type="stmt"/>
          <line num="5" count="9" type="cond" truecount="0" falsecount="1"/>
          <line num="11" count="4" type="stmt"/>
          <line num="14" count="9" type="cond" truecount="0" falsecount="2"/>
          <line num="15" count="4" type="cond" truecount="1" falsecount="1"/>
          <line num="16" count="0" type="stmt"/>
          <line num="17" count="0" type="stmt"/>
          <line num="19" count="4" type="stmt"/>
          <line num="22" count="9" type="cond" truecount="1" falsecount="0"/>
          <line num="23" count="4" type="stmt"/>
          <line num="24" count="2" type="stmt"/>
          <line num="25" count="2" type="stmt"/>
          <line num="26" count="2" type="stmt"/>
          <line num="30" count="9" type="cond" truecount="2" falsecount="0"/>
          <line num="31" count="2" type="stmt"/>
          <line num="32" count="2" type="stmt"/>
        </file>
        <file name="flash.js" path="/Users/ctanner/sites/big_creek_gardens/app/javascript/actions/flash.js">
          <metrics statements="1" coveredstatements="1" conditionals="0" coveredconditionals="0" methods="1" coveredmethods="1"/>
          <line num="4" count="1" type="stmt"/>
        </file>
        <file name="order.js" path="/Users/ctanner/sites/big_creek_gardens/app/javascript/actions/order.js">
          <metrics statements="10" coveredstatements="10" conditionals="2" coveredconditionals="2" methods="8" coveredmethods="8"/>
          <line num="5" count="2" type="cond" truecount="1" falsecount="0"/>
          <line num="6" count="3" type="stmt"/>
          <line num="7" count="2" type="stmt"/>
          <line num="9" count="1" type="stmt"/>
          <line num="12" count="1" type="stmt"/>
          <line num="17" count="2" type="cond" truecount="1" falsecount="0"/>
          <line num="18" count="2" type="stmt"/>
          <line num="19" count="2" type="stmt"/>
          <line num="21" count="1" type="stmt"/>
          <line num="24" count="1" type="stmt"/>
        </file>
        <file name="product.js" path="/Users/ctanner/sites/big_creek_gardens/app/javascript/actions/product.js">
          <metrics statements="5" coveredstatements="5" conditionals="1" coveredconditionals="1" methods="4" coveredmethods="4"/>
          <line num="5" count="2" type="cond" truecount="1" falsecount="0"/>
          <line num="6" count="3" type="stmt"/>
          <line num="7" count="2" type="stmt"/>
          <line num="9" count="1" type="stmt"/>
          <line num="12" count="1" type="stmt"/>
        </file>
      </package>
      <package name="javascript.api">
        <metrics statements="6" coveredstatements="6" conditionals="6" coveredconditionals="6" methods="6" coveredmethods="6"/>
        <file name="charge_api.js" path="/Users/ctanner/sites/big_creek_gardens/app/javascript/api/charge_api.js">
          <metrics statements="1" coveredstatements="1" conditionals="1" coveredconditionals="1" methods="1" coveredmethods="1"/>
          <line num="5" count="2" type="stmt"/>
        </file>
        <file name="message_api.js" path="/Users/ctanner/sites/big_creek_gardens/app/javascript/api/message_api.js">
          <metrics statements="1" coveredstatements="1" conditionals="1" coveredconditionals="1" methods="1" coveredmethods="1"/>
          <line num="5" count="2" type="stmt"/>
        </file>
        <file name="order_api.js" path="/Users/ctanner/sites/big_creek_gardens/app/javascript/api/order_api.js">
          <metrics statements="2" coveredstatements="2" conditionals="2" coveredconditionals="2" methods="2" coveredmethods="2"/>
          <line num="5" count="4" type="stmt"/>
          <line num="9" count="6" type="stmt"/>
        </file>
        <file name="product_api.js" path="/Users/ctanner/sites/big_creek_gardens/app/javascript/api/product_api.js">
          <metrics statements="1" coveredstatements="1" conditionals="1" coveredconditionals="1" methods="1" coveredmethods="1"/>
          <line num="5" count="4" type="stmt"/>
        </file>
        <file name="user_api.js" path="/Users/ctanner/sites/big_creek_gardens/app/javascript/api/user_api.js">
          <metrics statements="1" coveredstatements="1" conditionals="1" coveredconditionals="1" methods="1" coveredmethods="1"/>
          <line num="5" count="2" type="stmt"/>
        </file>
      </package>
      <package name="javascript.components">
        <metrics statements="80" coveredstatements="50" conditionals="16" coveredconditionals="9" methods="47" coveredmethods="26"/>
        <file name="account.jsx" path="/Users/ctanner/sites/big_creek_gardens/app/javascript/components/account.jsx">
          <metrics statements="17" coveredstatements="8" conditionals="0" coveredconditionals="0" methods="9" coveredmethods="3"/>
          <line num="14" count="1" type="stmt"/>
          <line num="15" count="1" type="stmt"/>
          <line num="16" count="1" type="stmt"/>
          <line num="17" count="1" type="stmt"/>
          <line num="18" count="1" type="stmt"/>
          <line num="30" count="1" type="stmt"/>
          <line num="34" count="0" type="stmt"/>
          <line num="35" count="0" type="stmt"/>
          <line num="36" count="0" type="stmt"/>
          <line num="40" count="0" type="stmt"/>
          <line num="44" count="0" type="stmt"/>
          <line num="45" count="0" type="stmt"/>
          <line num="46" count="0" type="stmt"/>
          <line num="51" count="1" type="stmt"/>
          <line num="65" count="0" type="stmt"/>
          <line num="77" count="1" type="stmt"/>
          <line num="78" count="0" type="stmt"/>
        </file>
        <file name="app.jsx" path="/Users/ctanner/sites/big_creek_gardens/app/javascript/components/app.jsx">
          <metrics statements="2" coveredstatements="2" conditionals="0" coveredconditionals="0" methods="1" coveredmethods="1"/>
          <line num="9" count="1" type="stmt"/>
          <line num="13" count="1" type="stmt"/>
        </file>
        <file name="cart.jsx" path="/Users/ctanner/sites/big_creek_gardens/app/javascript/components/cart.jsx">
          <metrics statements="11" coveredstatements="8" conditionals="2" coveredconditionals="0" methods="7" coveredmethods="4"/>
          <line num="10" count="1" type="stmt"/>
          <line num="11" count="1" type="stmt"/>
          <line num="15" count="1" type="stmt"/>
          <line num="19" count="1" type="stmt"/>
          <line num="20" count="1" type="stmt"/>
          <line num="21" count="0" type="stmt"/>
          <line num="23" count="1" type="stmt"/>
          <line num="27" count="1" type="stmt"/>
          <line num="40" count="0" type="stmt"/>
          <line num="71" count="1" type="stmt"/>
          <line num="72" count="0" type="stmt"/>
        </file>
        <file name="contact.jsx" path="/Users/ctanner/sites/big_creek_gardens/app/javascript/components/contact.jsx">
          <metrics statements="14" coveredstatements="6" conditionals="0" coveredconditionals="0" methods="6" coveredmethods="2"/>
          <line num="8" count="1" type="stmt"/>
          <line num="9" count="1" type="stmt"/>
          <line num="10" count="1" type="stmt"/>
          <line num="11" count="1" type="stmt"/>
          <line num="19" count="0" type="stmt"/>
          <line num="20" count="0" type="stmt"/>
          <line num="21" count="0" type="stmt"/>
          <line num="25" count="0" type="stmt"/>
          <line num="26" count="0" type="stmt"/>
          <line num="31" count="0" type="stmt"/>
          <line num="32" count="0" type="stmt"/>
          <line num="41" count="1" type="stmt"/>
          <line num="77" count="1" type="stmt"/>
          <line num="78" count="0" type="stmt"/>
        </file>
        <file name="flash_message.jsx" path="/Users/ctanner/sites/big_creek_gardens/app/javascript/components/flash_message.jsx">
          <metrics statements="9" coveredstatements="6" conditionals="2" coveredconditionals="1" methods="4" coveredmethods="2"/>
          <line num="7" count="1" type="stmt"/>
          <line num="8" count="1" type="stmt"/>
          <line num="12" count="0" type="stmt"/>
          <line num="16" count="1" type="stmt"/>
          <line num="17" count="1" type="cond" truecount="1" falsecount="1"/>
          <line num="18" count="0" type="stmt"/>
          <line num="20" count="1" type="stmt"/>
          <line num="33" count="2" type="stmt"/>
          <line num="34" count="0" type="stmt"/>
        </file>
        <file name="footer.jsx" path="/Users/ctanner/sites/big_creek_gardens/app/javascript/components/footer.jsx">
          <metrics statements="1" coveredstatements="1" conditionals="0" coveredconditionals="0" methods="1" coveredmethods="1"/>
          <line num="5" count="1" type="stmt"/>
        </file>
        <file name="gallery.jsx" path="/Users/ctanner/sites/big_creek_gardens/app/javascript/components/gallery.jsx">
          <metrics statements="1" coveredstatements="1" conditionals="0" coveredconditionals="0" methods="1" coveredmethods="1"/>
          <line num="5" count="1" type="stmt"/>
        </file>
        <file name="header.jsx" path="/Users/ctanner/sites/big_creek_gardens/app/javascript/components/header.jsx">
          <metrics statements="11" coveredstatements="8" conditionals="12" coveredconditionals="8" methods="6" coveredmethods="4"/>
          <line num="10" count="1" type="stmt"/>
          <line num="11" count="1" type="stmt"/>
          <line num="15" count="1" type="stmt"/>
          <line num="19" count="1" type="stmt"/>
          <line num="20" count="1" type="cond" truecount="2" falsecount="2"/>
          <line num="21" count="0" type="stmt"/>
          <line num="22" count="0" type="stmt"/>
          <line num="25" count="1" type="stmt"/>
          <line num="29" count="1" type="stmt"/>
          <line num="103" count="2" type="stmt"/>
          <line num="104" count="0" type="stmt"/>
        </file>
        <file name="index.jsx" path="/Users/ctanner/sites/big_creek_gardens/app/javascript/components/index.jsx">
          <metrics statements="1" coveredstatements="1" conditionals="0" coveredconditionals="0" methods="1" coveredmethods="1"/>
          <line num="6" count="1" type="stmt"/>
        </file>
        <file name="not_found.jsx" path="/Users/ctanner/sites/big_creek_gardens/app/javascript/components/not_found.jsx">
          <metrics statements="1" coveredstatements="1" conditionals="0" coveredconditionals="0" methods="1" coveredmethods="1"/>
          <line num="5" count="1" type="stmt"/>
        </file>
        <file name="order.jsx" path="/Users/ctanner/sites/big_creek_gardens/app/javascript/components/order.jsx">
          <metrics statements="6" coveredstatements="4" conditionals="0" coveredconditionals="0" methods="5" coveredmethods="3"/>
          <line num="8" count="1" type="stmt"/>
          <line num="9" count="1" type="stmt"/>
          <line num="17" count="1" type="stmt"/>
          <line num="18" count="0" type="stmt"/>
          <line num="27" count="1" type="stmt"/>
          <line num="67" count="0" type="stmt"/>
        </file>
        <file name="shop.jsx" path="/Users/ctanner/sites/big_creek_gardens/app/javascript/components/shop.jsx">
          <metrics statements="5" coveredstatements="3" conditionals="0" coveredconditionals="0" methods="4" coveredmethods="2"/>
          <line num="8" count="1" type="stmt"/>
          <line num="12" count="1" type="stmt"/>
          <line num="16" count="0" type="stmt"/>
          <line num="24" count="1" type="stmt"/>
          <line num="25" count="0" type="stmt"/>
        </file>
        <file name="unauthorized.jsx" path="/Users/ctanner/sites/big_creek_gardens/app/javascript/components/unauthorized.jsx">
          <metrics statements="1" coveredstatements="1" conditionals="0" coveredconditionals="0" methods="1" coveredmethods="1"/>
          <line num="5" count="1" type="stmt"/>
        </file>
      </package>
      <package name="javascript.components.cart">
        <metrics statements="76" coveredstatements="37" conditionals="8" coveredconditionals="1" methods="32" coveredmethods="15"/>
        <file name="address_section.jsx" path="/Users/ctanner/sites/big_creek_gardens/app/javascript/components/cart/address_section.jsx">
          <metrics statements="5" coveredstatements="5" conditionals="0" coveredconditionals="0" methods="3" coveredmethods="3"/>
          <line num="5" count="4" type="stmt"/>
          <line num="6" count="236" type="stmt"/>
          <line num="11" count="1" type="stmt"/>
          <line num="12" count="59" type="stmt"/>
          <line num="14" count="1" type="stmt"/>
        </file>
        <file name="card_section.jsx" path="/Users/ctanner/sites/big_creek_gardens/app/javascript/components/cart/card_section.jsx">
          <metrics statements="1" coveredstatements="1" conditionals="0" coveredconditionals="0" methods="1" coveredmethods="1"/>
          <line num="6" count="1" type="stmt"/>
        </file>
        <file name="cart_item.jsx" path="/Users/ctanner/sites/big_creek_gardens/app/javascript/components/cart/cart_item.jsx">
          <metrics statements="28" coveredstatements="9" conditionals="4" coveredconditionals="0" methods="8" coveredmethods="2"/>
          <line num="7" count="1" type="stmt"/>
          <line num="8" count="1" type="stmt"/>
          <line num="9" count="1" type="stmt"/>
          <line num="10" count="1" type="stmt"/>
          <line num="11" count="1" type="stmt"/>
          <line num="12" count="1" type="stmt"/>
          <line num="13" count="1" type="stmt"/>
          <line num="19" count="0" type="stmt"/>
          <line num="23" count="0" type="stmt"/>
          <line num="24" count="0" type="stmt"/>
          <line num="25" count="0" type="cond" truecount="0" falsecount="2"/>
          <line num="26" count="0" type="stmt"/>
          <line num="28" count="0" type="stmt"/>
          <line num="32" count="0" type="stmt"/>
          <line num="33" count="0" type="cond" truecount="0" falsecount="2"/>
          <line num="34" count="0" type="stmt"/>
          <line num="35" count="0" type="stmt"/>
          <line num="37" count="0" type="stmt"/>
          <line num="38" count="0" type="stmt"/>
          <line num="39" count="0" type="stmt"/>
          <line num="43" count="0" type="stmt"/>
          <line num="44" count="0" type="stmt"/>
          <line num="45" count="0" type="stmt"/>
          <line num="49" count="0" type="stmt"/>
          <line num="50" count="0" type="stmt"/>
          <line num="54" count="1" type="stmt"/>
          <line num="85" count="2" type="stmt"/>
          <line num="86" count="0" type="stmt"/>
        </file>
        <file name="checkout.jsx" path="/Users/ctanner/sites/big_creek_gardens/app/javascript/components/cart/checkout.jsx">
          <metrics statements="3" coveredstatements="2" conditionals="0" coveredconditionals="0" methods="2" coveredmethods="1"/>
          <line num="8" count="1" type="stmt"/>
          <line num="18" count="1" type="stmt"/>
          <line num="19" count="0" type="stmt"/>
        </file>
        <file name="checkout_confirmation.jsx" path="/Users/ctanner/sites/big_creek_gardens/app/javascript/components/cart/checkout_confirmation.jsx">
          <metrics statements="6" coveredstatements="4" conditionals="0" coveredconditionals="0" methods="5" coveredmethods="3"/>
          <line num="6" count="1" type="stmt"/>
          <line num="7" count="1" type="stmt"/>
          <line num="15" count="1" type="stmt"/>
          <line num="16" count="0" type="stmt"/>
          <line num="25" count="1" type="stmt"/>
          <line num="65" count="0" type="stmt"/>
        </file>
        <file name="checkout_form.jsx" path="/Users/ctanner/sites/big_creek_gardens/app/javascript/components/cart/checkout_form.jsx">
          <metrics statements="32" coveredstatements="15" conditionals="4" coveredconditionals="1" methods="12" coveredmethods="4"/>
          <line num="13" count="1" type="stmt"/>
          <line num="14" count="1" type="stmt"/>
          <line num="15" count="1" type="stmt"/>
          <line num="16" count="1" type="stmt"/>
          <line num="17" count="1" type="stmt"/>
          <line num="18" count="1" type="stmt"/>
          <line num="19" count="1" type="stmt"/>
          <line num="33" count="1" type="stmt"/>
          <line num="37" count="2" type="stmt"/>
          <line num="38" count="2" type="stmt"/>
          <line num="39" count="0" type="stmt"/>
          <line num="41" count="2" type="stmt"/>
          <line num="45" count="0" type="stmt"/>
          <line num="46" count="0" type="stmt"/>
          <line num="47" count="0" type="stmt"/>
          <line num="51" count="0" type="stmt"/>
          <line num="55" count="0" type="stmt"/>
          <line num="56" count="0" type="stmt"/>
          <line num="66" count="0" type="stmt"/>
          <line num="67" count="0" type="stmt"/>
          <line num="73" count="0" type="stmt"/>
          <line num="74" count="0" type="stmt"/>
          <line num="79" count="0" type="stmt"/>
          <line num="80" count="0" type="stmt"/>
          <line num="81" count="0" type="stmt"/>
          <line num="86" count="1" type="cond" truecount="1" falsecount="1"/>
          <line num="87" count="0" type="stmt"/>
          <line num="90" count="1" type="stmt"/>
          <line num="105" count="0" type="stmt"/>
          <line num="127" count="2" type="stmt"/>
          <line num="128" count="0" type="stmt"/>
          <line num="135" count="2" type="stmt"/>
        </file>
        <file name="user_section.jsx" path="/Users/ctanner/sites/big_creek_gardens/app/javascript/components/cart/user_section.jsx">
          <metrics statements="1" coveredstatements="1" conditionals="0" coveredconditionals="0" methods="1" coveredmethods="1"/>
          <line num="5" count="1" type="stmt"/>
        </file>
      </package>
      <package name="javascript.components.products">
        <metrics statements="14" coveredstatements="4" conditionals="4" coveredconditionals="0" methods="4" coveredmethods="2"/>
        <file name="product_tile.jsx" path="/Users/ctanner/sites/big_creek_gardens/app/javascript/components/products/product_tile.jsx">
          <metrics statements="14" coveredstatements="4" conditionals="4" coveredconditionals="0" methods="4" coveredmethods="2"/>
          <line num="9" count="1" type="stmt"/>
          <line num="10" count="1" type="stmt"/>
          <line num="14" count="0" type="cond" truecount="0" falsecount="2"/>
          <line num="15" count="0" type="cond" truecount="0" falsecount="2"/>
          <line num="16" count="0" type="stmt"/>
          <line num="18" count="0" type="stmt"/>
          <line num="19" count="0" type="stmt"/>
          <line num="20" count="0" type="stmt"/>
          <line num="22" count="0" type="stmt"/>
          <line num="23" count="0" type="stmt"/>
          <line num="24" count="0" type="stmt"/>
          <line num="28" count="1" type="stmt"/>
          <line num="44" count="2" type="stmt"/>
          <line num="45" count="0" type="stmt"/>
        </file>
      </package>
      <package name="javascript.reducers">
        <metrics statements="23" coveredstatements="23" conditionals="16" coveredconditionals="16" methods="6" coveredmethods="6"/>
        <file name="cart.js" path="/Users/ctanner/sites/big_creek_gardens/app/javascript/reducers/cart.js">
          <metrics statements="4" coveredstatements="4" conditionals="3" coveredconditionals="3" methods="1" coveredmethods="1"/>
          <line num="3" count="1" type="cond" truecount="1" falsecount="0"/>
          <line num="4" count="2" type="cond" truecount="2" falsecount="0"/>
          <line num="6" count="1" type="stmt"/>
          <line num="8" count="1" type="stmt"/>
        </file>
        <file name="flash.js" path="/Users/ctanner/sites/big_creek_gardens/app/javascript/reducers/flash.js">
          <metrics statements="5" coveredstatements="5" conditionals="4" coveredconditionals="4" methods="1" coveredmethods="1"/>
          <line num="3" count="1" type="cond" truecount="1" falsecount="0"/>
          <line num="4" count="3" type="cond" truecount="3" falsecount="0"/>
          <line num="6" count="1" type="stmt"/>
          <line num="8" count="1" type="stmt"/>
          <line num="10" count="1" type="stmt"/>
        </file>
        <file name="order.js" path="/Users/ctanner/sites/big_creek_gardens/app/javascript/reducers/order.js">
          <metrics statements="8" coveredstatements="8" conditionals="6" coveredconditionals="6" methods="2" coveredmethods="2"/>
          <line num="3" count="1" type="cond" truecount="1" falsecount="0"/>
          <line num="4" count="2" type="cond" truecount="2" falsecount="0"/>
          <line num="6" count="1" type="stmt"/>
          <line num="8" count="1" type="stmt"/>
          <line num="12" count="1" type="cond" truecount="1" falsecount="0"/>
          <line num="13" count="2" type="cond" truecount="2" falsecount="0"/>
          <line num="15" count="1" type="stmt"/>
          <line num="17" count="1" type="stmt"/>
        </file>
        <file name="product.js" path="/Users/ctanner/sites/big_creek_gardens/app/javascript/reducers/product.js">
          <metrics statements="4" coveredstatements="4" conditionals="3" coveredconditionals="3" methods="1" coveredmethods="1"/>
          <line num="3" count="1" type="cond" truecount="1" falsecount="0"/>
          <line num="4" count="2" type="cond" truecount="2" falsecount="0"/>
          <line num="6" count="1" type="stmt"/>
          <line num="8" count="1" type="stmt"/>
        </file>
        <file name="user.js" path="/Users/ctanner/sites/big_creek_gardens/app/javascript/reducers/user.js">
          <metrics statements="2" coveredstatements="2" conditionals="0" coveredconditionals="0" methods="1" coveredmethods="1"/>
          <line num="1" count="1" type="stmt"/>
          <line num="2" count="2" type="stmt"/>
        </file>
      </package>
    </metrics>
  </project>
</coverage>
