<?xml version="1.0" encoding="UTF-8"?>
<coverage generated="1536688600047" clover="3.2.0">
  <project timestamp="1536688600048" name="All files">
    <metrics statements="17" coveredstatements="15" conditionals="8" coveredconditionals="4" methods="5" coveredmethods="5" elements="30" coveredelements="24" complexity="0" loc="17" ncloc="17" packages="2" files="2" classes="2">
      <package name="javascript">
        <metrics statements="1" coveredstatements="1" conditionals="0" coveredconditionals="0" methods="0" coveredmethods="0"/>
        <file name="constants.js" path="/Users/ctanner/sites/big_creek_gardens/app/javascript/constants.js">
          <metrics statements="1" coveredstatements="1" conditionals="0" coveredconditionals="0" methods="0" coveredmethods="0"/>
          <line num="1" count="1" type="stmt"/>
        </file>
      </package>
      <package name="javascript.actions">
        <metrics statements="16" coveredstatements="14" conditionals="8" coveredconditionals="4" methods="5" coveredmethods="5"/>
        <file name="cart.js" path="/Users/ctanner/sites/big_creek_gardens/app/javascript/actions/cart.js">
          <metrics statements="16" coveredstatements="14" conditionals="8" coveredconditionals="4" methods="5" coveredmethods="5"/>
          <line num="3" count="1" type="stmt"/>
          <line num="5" count="1" type="cond" truecount="0" falsecount="1"/>
          <line num="11" count="4" type="stmt"/>
          <line num="14" count="1" type="cond" truecount="0" falsecount="2"/>
          <line num="15" count="4" type="cond" truecount="1" falsecount="1"/>
          <line num="16" count="0" type="stmt"/>
          <line num="17" count="0" type="stmt"/>
          <line num="19" count="4" type="stmt"/>
          <line num="22" count="1" type="cond" truecount="1" falsecount="0"/>
          <line num="23" count="2" type="stmt"/>
          <line num="24" count="2" type="stmt"/>
          <line num="25" count="2" type="stmt"/>
          <line num="26" count="2" type="stmt"/>
          <line num="30" count="1" type="cond" truecount="2" falsecount="0"/>
          <line num="31" count="2" type="stmt"/>
          <line num="32" count="2" type="stmt"/>
        </file>
      </package>
    </metrics>
  </project>
</coverage>
