{"/Users/ctanner/sites/big_creek_gardens/app/javascript/constants.js": {"path":"/Users/ctanner/sites/big_creek_gardens/app/javascript/constants.js","statementMap":{"0":{"start":{"line":1,"column":18},"end":{"line":8,"column":1}}},"fnMap":{},"branchMap":{},"s":{"0":1},"f":{},"b":{},"_coverageSchema":"332fd63041d2c1bcb487cc26dd0d5f7d97098a6c","hash":"bc65eb17907460fde10693dc52c8fd3b48b08ce4"}
,"/Users/ctanner/sites/big_creek_gardens/app/javascript/actions/cart.js": {"path":"/Users/ctanner/sites/big_creek_gardens/app/javascript/actions/cart.js","statementMap":{"0":{"start":{"line":3,"column":0},"end":{"line":3,"column":21}},"1":{"start":{"line":5,"column":14},"end":{"line":12,"column":1}},"2":{"start":{"line":11,"column":2},"end":{"line":11,"column":16}},"3":{"start":{"line":14,"column":17},"end":{"line":20,"column":1}},"4":{"start":{"line":15,"column":2},"end":{"line":18,"column":3}},"5":{"start":{"line":16,"column":4},"end":{"line":16,"column":42}},"6":{"start":{"line":17,"column":4},"end":{"line":17,"column":13}},"7":{"start":{"line":19,"column":2},"end":{"line":19,"column":14}},"8":{"start":{"line":22,"column":15},"end":{"line":28,"column":1}},"9":{"start":{"line":23,"column":2},"end":{"line":27,"column":3}},"10":{"start":{"line":24,"column":15},"end":{"line":24,"column":52}},"11":{"start":{"line":25,"column":4},"end":{"line":25,"column":40}},"12":{"start":{"line":26,"column":4},"end":{"line":26,"column":62}},"13":{"start":{"line":30,"column":17},"end":{"line":33,"column":1}},"14":{"start":{"line":31,"column":2},"end":{"line":31,"column":38}},"15":{"start":{"line":32,"column":2},"end":{"line":32,"column":42}}},"fnMap":{"0":{"name":"(anonymous_0)","decl":{"start":{"line":5,"column":14},"end":{"line":5,"column":15}},"loc":{"start":{"line":5,"column":44},"end":{"line":12,"column":1}},"line":5},"1":{"name":"(anonymous_1)","decl":{"start":{"line":14,"column":17},"end":{"line":14,"column":18}},"loc":{"start":{"line":14,"column":60},"end":{"line":20,"column":1}},"line":14},"2":{"name":"(anonymous_2)","decl":{"start":{"line":22,"column":15},"end":{"line":22,"column":16}},"loc":{"start":{"line":22,"column":45},"end":{"line":28,"column":1}},"line":22},"3":{"name":"(anonymous_3)","decl":{"start":{"line":23,"column":9},"end":{"line":23,"column":10}},"loc":{"start":{"line":23,"column":29},"end":{"line":27,"column":3}},"line":23},"4":{"name":"(anonymous_4)","decl":{"start":{"line":30,"column":17},"end":{"line":30,"column":18}},"loc":{"start":{"line":30,"column":58},"end":{"line":33,"column":1}},"line":30}},"branchMap":{"0":{"loc":{"start":{"line":5,"column":24},"end":{"line":5,"column":42}},"type":"default-arg","locations":[{"start":{"line":5,"column":38},"end":{"line":5,"column":42}}],"line":5},"1":{"loc":{"start":{"line":14,"column":27},"end":{"line":14,"column":45}},"type":"default-arg","locations":[{"start":{"line":14,"column":41},"end":{"line":14,"column":45}}],"line":14},"2":{"loc":{"start":{"line":14,"column":47},"end":{"line":14,"column":58}},"type":"default-arg","locations":[{"start":{"line":14,"column":54},"end":{"line":14,"column":58}}],"line":14},"3":{"loc":{"start":{"line":15,"column":2},"end":{"line":18,"column":3}},"type":"if","locations":[{"start":{"line":15,"column":2},"end":{"line":18,"column":3}},{"start":{"line":15,"column":2},"end":{"line":18,"column":3}}],"line":15},"4":{"loc":{"start":{"line":22,"column":25},"end":{"line":22,"column":43}},"type":"default-arg","locations":[{"start":{"line":22,"column":39},"end":{"line":22,"column":43}}],"line":22},"5":{"loc":{"start":{"line":30,"column":27},"end":{"line":30,"column":45}},"type":"default-arg","locations":[{"start":{"line":30,"column":41},"end":{"line":30,"column":45}}],"line":30},"6":{"loc":{"start":{"line":30,"column":47},"end":{"line":30,"column":56}},"type":"default-arg","locations":[{"start":{"line":30,"column":54},"end":{"line":30,"column":56}}],"line":30}},"s":{"0":1,"1":1,"2":4,"3":1,"4":4,"5":0,"6":0,"7":4,"8":1,"9":2,"10":2,"11":2,"12":2,"13":1,"14":2,"15":2},"f":{"0":4,"1":4,"2":2,"3":2,"4":2},"b":{"0":[0],"1":[0],"2":[0],"3":[0,4],"4":[2],"5":[1],"6":[2]},"_coverageSchema":"332fd63041d2c1bcb487cc26dd0d5f7d97098a6c","hash":"0a26edfda4de1f4d53eec096e42b56f3b5e79af0"}
}
