{"/Users/ctanner/sites/big_creek_gardens/app/javascript/constants.js": {"path":"/Users/ctanner/sites/big_creek_gardens/app/javascript/constants.js","statementMap":{"0":{"start":{"line":1,"column":18},"end":{"line":9,"column":1}}},"fnMap":{},"branchMap":{},"s":{"0":20},"f":{},"b":{},"_coverageSchema":"332fd63041d2c1bcb487cc26dd0d5f7d97098a6c","hash":"f1e3b77e2c305a8ac2ce5911f27770bde09f4ebd"}
,"/Users/ctanner/sites/big_creek_gardens/app/javascript/custom_axios.js": {"path":"/Users/ctanner/sites/big_creek_gardens/app/javascript/custom_axios.js","statementMap":{"0":{"start":{"line":3,"column":17},"end":{"line":5,"column":2}}},"fnMap":{},"branchMap":{},"s":{"0":14},"f":{},"b":{},"_coverageSchema":"332fd63041d2c1bcb487cc26dd0d5f7d97098a6c","hash":"2966e70bd832abe9b754e0673ab86703ab02a34a"}
,"/Users/ctanner/sites/big_creek_gardens/app/javascript/utils.js": {"path":"/Users/ctanner/sites/big_creek_gardens/app/javascript/utils.js","statementMap":{"0":{"start":{"line":3,"column":28},"end":{"line":12,"column":1}},"1":{"start":{"line":4,"column":2},"end":{"line":6,"column":3}},"2":{"start":{"line":5,"column":4},"end":{"line":5,"column":25}},"3":{"start":{"line":7,"column":2},"end":{"line":11,"column":4}}},"fnMap":{"0":{"name":"(anonymous_0)","decl":{"start":{"line":3,"column":28},"end":{"line":3,"column":29}},"loc":{"start":{"line":3,"column":63},"end":{"line":12,"column":1}},"line":3}},"branchMap":{"0":{"loc":{"start":{"line":4,"column":2},"end":{"line":6,"column":3}},"type":"if","locations":[{"start":{"line":4,"column":2},"end":{"line":6,"column":3}},{"start":{"line":4,"column":2},"end":{"line":6,"column":3}}],"line":4}},"s":{"0":4,"1":3,"2":0,"3":3},"f":{"0":3},"b":{"0":[0,3]},"_coverageSchema":"332fd63041d2c1bcb487cc26dd0d5f7d97098a6c","hash":"2ac63239fe762c922e7f7f7fb7473d1affd2ee11"}
,"/Users/ctanner/sites/big_creek_gardens/app/javascript/actions/cart.js": {"path":"/Users/ctanner/sites/big_creek_gardens/app/javascript/actions/cart.js","statementMap":{"0":{"start":{"line":3,"column":0},"end":{"line":3,"column":21}},"1":{"start":{"line":5,"column":14},"end":{"line":13,"column":1}},"2":{"start":{"line":6,"column":2},"end":{"line":12,"column":3}},"3":{"start":{"line":8,"column":4},"end":{"line":8,"column":18}},"4":{"start":{"line":11,"column":4},"end":{"line":11,"column":18}},"5":{"start":{"line":15,"column":17},"end":{"line":21,"column":1}},"6":{"start":{"line":16,"column":2},"end":{"line":19,"column":3}},"7":{"start":{"line":17,"column":4},"end":{"line":17,"column":42}},"8":{"start":{"line":18,"column":4},"end":{"line":18,"column":13}},"9":{"start":{"line":20,"column":2},"end":{"line":20,"column":14}},"10":{"start":{"line":23,"column":15},"end":{"line":29,"column":1}},"11":{"start":{"line":24,"column":2},"end":{"line":28,"column":3}},"12":{"start":{"line":25,"column":15},"end":{"line":25,"column":52}},"13":{"start":{"line":26,"column":4},"end":{"line":26,"column":40}},"14":{"start":{"line":27,"column":4},"end":{"line":27,"column":62}},"15":{"start":{"line":31,"column":17},"end":{"line":34,"column":1}},"16":{"start":{"line":32,"column":2},"end":{"line":32,"column":38}},"17":{"start":{"line":33,"column":2},"end":{"line":33,"column":42}}},"fnMap":{"0":{"name":"(anonymous_0)","decl":{"start":{"line":5,"column":14},"end":{"line":5,"column":15}},"loc":{"start":{"line":5,"column":44},"end":{"line":13,"column":1}},"line":5},"1":{"name":"(anonymous_1)","decl":{"start":{"line":15,"column":17},"end":{"line":15,"column":18}},"loc":{"start":{"line":15,"column":60},"end":{"line":21,"column":1}},"line":15},"2":{"name":"(anonymous_2)","decl":{"start":{"line":23,"column":15},"end":{"line":23,"column":16}},"loc":{"start":{"line":23,"column":45},"end":{"line":29,"column":1}},"line":23},"3":{"name":"(anonymous_3)","decl":{"start":{"line":24,"column":9},"end":{"line":24,"column":10}},"loc":{"start":{"line":24,"column":29},"end":{"line":28,"column":3}},"line":24},"4":{"name":"(anonymous_4)","decl":{"start":{"line":31,"column":17},"end":{"line":31,"column":18}},"loc":{"start":{"line":31,"column":58},"end":{"line":34,"column":1}},"line":31}},"branchMap":{"0":{"loc":{"start":{"line":5,"column":24},"end":{"line":5,"column":42}},"type":"default-arg","locations":[{"start":{"line":5,"column":38},"end":{"line":5,"column":42}}],"line":5},"1":{"loc":{"start":{"line":6,"column":2},"end":{"line":12,"column":3}},"type":"if","locations":[{"start":{"line":6,"column":2},"end":{"line":12,"column":3}},{"start":{"line":6,"column":2},"end":{"line":12,"column":3}}],"line":6},"2":{"loc":{"start":{"line":15,"column":27},"end":{"line":15,"column":45}},"type":"default-arg","locations":[{"start":{"line":15,"column":41},"end":{"line":15,"column":45}}],"line":15},"3":{"loc":{"start":{"line":15,"column":47},"end":{"line":15,"column":58}},"type":"default-arg","locations":[{"start":{"line":15,"column":54},"end":{"line":15,"column":58}}],"line":15},"4":{"loc":{"start":{"line":16,"column":2},"end":{"line":19,"column":3}},"type":"if","locations":[{"start":{"line":16,"column":2},"end":{"line":19,"column":3}},{"start":{"line":16,"column":2},"end":{"line":19,"column":3}}],"line":16},"5":{"loc":{"start":{"line":23,"column":25},"end":{"line":23,"column":43}},"type":"default-arg","locations":[{"start":{"line":23,"column":39},"end":{"line":23,"column":43}}],"line":23},"6":{"loc":{"start":{"line":31,"column":27},"end":{"line":31,"column":45}},"type":"default-arg","locations":[{"start":{"line":31,"column":41},"end":{"line":31,"column":45}}],"line":31},"7":{"loc":{"start":{"line":31,"column":47},"end":{"line":31,"column":56}},"type":"default-arg","locations":[{"start":{"line":31,"column":54},"end":{"line":31,"column":56}}],"line":31}},"s":{"0":9,"1":9,"2":4,"3":1,"4":3,"5":9,"6":4,"7":0,"8":0,"9":4,"10":9,"11":4,"12":2,"13":2,"14":2,"15":9,"16":2,"17":2},"f":{"0":4,"1":4,"2":4,"3":2,"4":2},"b":{"0":[0],"1":[1,3],"2":[0],"3":[0],"4":[0,4],"5":[4],"6":[1],"7":[2]},"_coverageSchema":"332fd63041d2c1bcb487cc26dd0d5f7d97098a6c","hash":"b15a095973ff6bcaeee6f5e402617787ffc64f16"}
,"/Users/ctanner/sites/big_creek_gardens/app/javascript/actions/flash.js": {"path":"/Users/ctanner/sites/big_creek_gardens/app/javascript/actions/flash.js","statementMap":{"0":{"start":{"line":4,"column":2},"end":{"line":8,"column":3}}},"fnMap":{"0":{"name":"showFlashMessage","decl":{"start":{"line":3,"column":16},"end":{"line":3,"column":32}},"loc":{"start":{"line":3,"column":47},"end":{"line":9,"column":1}},"line":3}},"branchMap":{},"s":{"0":1},"f":{"0":1},"b":{},"_coverageSchema":"332fd63041d2c1bcb487cc26dd0d5f7d97098a6c","hash":"e7a82b548a30e157b511f22af551929bcf4c376f"}
,"/Users/ctanner/sites/big_creek_gardens/app/javascript/actions/order.js": {"path":"/Users/ctanner/sites/big_creek_gardens/app/javascript/actions/order.js","statementMap":{"0":{"start":{"line":5,"column":17},"end":{"line":15,"column":1}},"1":{"start":{"line":6,"column":2},"end":{"line":14,"column":3}},"2":{"start":{"line":7,"column":4},"end":{"line":13,"column":8}},"3":{"start":{"line":9,"column":8},"end":{"line":9,"column":79}},"4":{"start":{"line":12,"column":8},"end":{"line":12,"column":98}},"5":{"start":{"line":17,"column":16},"end":{"line":27,"column":1}},"6":{"start":{"line":18,"column":2},"end":{"line":26,"column":3}},"7":{"start":{"line":19,"column":4},"end":{"line":25,"column":8}},"8":{"start":{"line":21,"column":8},"end":{"line":21,"column":76}},"9":{"start":{"line":24,"column":8},"end":{"line":24,"column":97}}},"fnMap":{"0":{"name":"(anonymous_0)","decl":{"start":{"line":5,"column":17},"end":{"line":5,"column":18}},"loc":{"start":{"line":5,"column":40},"end":{"line":15,"column":1}},"line":5},"1":{"name":"(anonymous_1)","decl":{"start":{"line":6,"column":9},"end":{"line":6,"column":10}},"loc":{"start":{"line":6,"column":29},"end":{"line":14,"column":3}},"line":6},"2":{"name":"(anonymous_2)","decl":{"start":{"line":8,"column":12},"end":{"line":8,"column":13}},"loc":{"start":{"line":8,"column":24},"end":{"line":10,"column":7}},"line":8},"3":{"name":"(anonymous_3)","decl":{"start":{"line":11,"column":13},"end":{"line":11,"column":14}},"loc":{"start":{"line":11,"column":22},"end":{"line":13,"column":7}},"line":11},"4":{"name":"(anonymous_4)","decl":{"start":{"line":17,"column":16},"end":{"line":17,"column":17}},"loc":{"start":{"line":17,"column":48},"end":{"line":27,"column":1}},"line":17},"5":{"name":"(anonymous_5)","decl":{"start":{"line":18,"column":9},"end":{"line":18,"column":10}},"loc":{"start":{"line":18,"column":29},"end":{"line":26,"column":3}},"line":18},"6":{"name":"(anonymous_6)","decl":{"start":{"line":20,"column":12},"end":{"line":20,"column":13}},"loc":{"start":{"line":20,"column":24},"end":{"line":22,"column":7}},"line":20},"7":{"name":"(anonymous_7)","decl":{"start":{"line":23,"column":13},"end":{"line":23,"column":14}},"loc":{"start":{"line":23,"column":22},"end":{"line":25,"column":7}},"line":23}},"branchMap":{"0":{"loc":{"start":{"line":5,"column":27},"end":{"line":5,"column":38}},"type":"default-arg","locations":[{"start":{"line":5,"column":36},"end":{"line":5,"column":38}}],"line":5},"1":{"loc":{"start":{"line":17,"column":35},"end":{"line":17,"column":46}},"type":"default-arg","locations":[{"start":{"line":17,"column":44},"end":{"line":17,"column":46}}],"line":17}},"s":{"0":2,"1":3,"2":2,"3":1,"4":1,"5":2,"6":2,"7":2,"8":1,"9":1},"f":{"0":3,"1":2,"2":1,"3":1,"4":2,"5":2,"6":1,"7":1},"b":{"0":[3],"1":[2]},"_coverageSchema":"332fd63041d2c1bcb487cc26dd0d5f7d97098a6c","hash":"c3f54d0d8f876b5eb5d61de5c51c7f59c1faee45"}
,"/Users/ctanner/sites/big_creek_gardens/app/javascript/actions/product.js": {"path":"/Users/ctanner/sites/big_creek_gardens/app/javascript/actions/product.js","statementMap":{"0":{"start":{"line":5,"column":19},"end":{"line":15,"column":1}},"1":{"start":{"line":6,"column":2},"end":{"line":14,"column":3}},"2":{"start":{"line":7,"column":4},"end":{"line":13,"column":8}},"3":{"start":{"line":9,"column":8},"end":{"line":9,"column":85}},"4":{"start":{"line":12,"column":8},"end":{"line":12,"column":100}},"5":{"start":{"line":17,"column":18},"end":{"line":27,"column":1}},"6":{"start":{"line":18,"column":2},"end":{"line":26,"column":3}},"7":{"start":{"line":19,"column":4},"end":{"line":25,"column":8}},"8":{"start":{"line":21,"column":8},"end":{"line":21,"column":74}},"9":{"start":{"line":24,"column":8},"end":{"line":24,"column":103}}},"fnMap":{"0":{"name":"(anonymous_0)","decl":{"start":{"line":5,"column":19},"end":{"line":5,"column":20}},"loc":{"start":{"line":5,"column":42},"end":{"line":15,"column":1}},"line":5},"1":{"name":"(anonymous_1)","decl":{"start":{"line":6,"column":9},"end":{"line":6,"column":10}},"loc":{"start":{"line":6,"column":29},"end":{"line":14,"column":3}},"line":6},"2":{"name":"(anonymous_2)","decl":{"start":{"line":8,"column":12},"end":{"line":8,"column":13}},"loc":{"start":{"line":8,"column":24},"end":{"line":10,"column":7}},"line":8},"3":{"name":"(anonymous_3)","decl":{"start":{"line":11,"column":13},"end":{"line":11,"column":14}},"loc":{"start":{"line":11,"column":22},"end":{"line":13,"column":7}},"line":11},"4":{"name":"(anonymous_4)","decl":{"start":{"line":17,"column":18},"end":{"line":17,"column":19}},"loc":{"start":{"line":17,"column":52},"end":{"line":27,"column":1}},"line":17},"5":{"name":"(anonymous_5)","decl":{"start":{"line":18,"column":9},"end":{"line":18,"column":10}},"loc":{"start":{"line":18,"column":29},"end":{"line":26,"column":3}},"line":18},"6":{"name":"(anonymous_6)","decl":{"start":{"line":20,"column":12},"end":{"line":20,"column":13}},"loc":{"start":{"line":20,"column":24},"end":{"line":22,"column":7}},"line":20},"7":{"name":"(anonymous_7)","decl":{"start":{"line":23,"column":13},"end":{"line":23,"column":14}},"loc":{"start":{"line":23,"column":22},"end":{"line":25,"column":7}},"line":23}},"branchMap":{"0":{"loc":{"start":{"line":5,"column":29},"end":{"line":5,"column":40}},"type":"default-arg","locations":[{"start":{"line":5,"column":38},"end":{"line":5,"column":40}}],"line":5},"1":{"loc":{"start":{"line":17,"column":39},"end":{"line":17,"column":50}},"type":"default-arg","locations":[{"start":{"line":17,"column":48},"end":{"line":17,"column":50}}],"line":17}},"s":{"0":2,"1":3,"2":2,"3":1,"4":1,"5":2,"6":0,"7":0,"8":0,"9":0},"f":{"0":3,"1":2,"2":1,"3":1,"4":0,"5":0,"6":0,"7":0},"b":{"0":[3],"1":[0]},"_coverageSchema":"332fd63041d2c1bcb487cc26dd0d5f7d97098a6c","hash":"b80429d186336b67196583f2e3e281f89c158ced"}
,"/Users/ctanner/sites/big_creek_gardens/app/javascript/api/charge_api.js": {"path":"/Users/ctanner/sites/big_creek_gardens/app/javascript/api/charge_api.js","statementMap":{"0":{"start":{"line":5,"column":4},"end":{"line":5,"column":48}}},"fnMap":{"0":{"name":"(anonymous_0)","decl":{"start":{"line":4,"column":2},"end":{"line":4,"column":3}},"loc":{"start":{"line":4,"column":35},"end":{"line":6,"column":3}},"line":4}},"branchMap":{"0":{"loc":{"start":{"line":4,"column":22},"end":{"line":4,"column":33}},"type":"default-arg","locations":[{"start":{"line":4,"column":31},"end":{"line":4,"column":33}}],"line":4}},"s":{"0":2},"f":{"0":2},"b":{"0":[2]},"_coverageSchema":"332fd63041d2c1bcb487cc26dd0d5f7d97098a6c","hash":"f8431f8083bff9b6ed6e11da1f8e69feba2b1bb0"}
,"/Users/ctanner/sites/big_creek_gardens/app/javascript/api/message_api.js": {"path":"/Users/ctanner/sites/big_creek_gardens/app/javascript/api/message_api.js","statementMap":{"0":{"start":{"line":5,"column":4},"end":{"line":5,"column":49}}},"fnMap":{"0":{"name":"(anonymous_0)","decl":{"start":{"line":4,"column":2},"end":{"line":4,"column":3}},"loc":{"start":{"line":4,"column":36},"end":{"line":6,"column":3}},"line":4}},"branchMap":{"0":{"loc":{"start":{"line":4,"column":23},"end":{"line":4,"column":34}},"type":"default-arg","locations":[{"start":{"line":4,"column":32},"end":{"line":4,"column":34}}],"line":4}},"s":{"0":2},"f":{"0":2},"b":{"0":[2]},"_coverageSchema":"332fd63041d2c1bcb487cc26dd0d5f7d97098a6c","hash":"50cabe989806cc4640eaabedc056b00986e4ba4b"}
,"/Users/ctanner/sites/big_creek_gardens/app/javascript/api/order_api.js": {"path":"/Users/ctanner/sites/big_creek_gardens/app/javascript/api/order_api.js","statementMap":{"0":{"start":{"line":5,"column":4},"end":{"line":5,"column":56}},"1":{"start":{"line":9,"column":4},"end":{"line":9,"column":67}}},"fnMap":{"0":{"name":"(anonymous_0)","decl":{"start":{"line":4,"column":2},"end":{"line":4,"column":3}},"loc":{"start":{"line":4,"column":33},"end":{"line":6,"column":3}},"line":4},"1":{"name":"(anonymous_1)","decl":{"start":{"line":8,"column":2},"end":{"line":8,"column":3}},"loc":{"start":{"line":8,"column":41},"end":{"line":10,"column":3}},"line":8}},"branchMap":{"0":{"loc":{"start":{"line":4,"column":20},"end":{"line":4,"column":31}},"type":"default-arg","locations":[{"start":{"line":4,"column":29},"end":{"line":4,"column":31}}],"line":4},"1":{"loc":{"start":{"line":8,"column":28},"end":{"line":8,"column":39}},"type":"default-arg","locations":[{"start":{"line":8,"column":37},"end":{"line":8,"column":39}}],"line":8}},"s":{"0":4,"1":6},"f":{"0":4,"1":6},"b":{"0":[2],"1":[4]},"_coverageSchema":"332fd63041d2c1bcb487cc26dd0d5f7d97098a6c","hash":"baf575bbdba3c0fd28de824b7cfa3698277e1bcf"}
,"/Users/ctanner/sites/big_creek_gardens/app/javascript/api/product_api.js": {"path":"/Users/ctanner/sites/big_creek_gardens/app/javascript/api/product_api.js","statementMap":{"0":{"start":{"line":5,"column":4},"end":{"line":5,"column":58}},"1":{"start":{"line":9,"column":4},"end":{"line":9,"column":71}}},"fnMap":{"0":{"name":"(anonymous_0)","decl":{"start":{"line":4,"column":2},"end":{"line":4,"column":3}},"loc":{"start":{"line":4,"column":35},"end":{"line":6,"column":3}},"line":4},"1":{"name":"(anonymous_1)","decl":{"start":{"line":8,"column":2},"end":{"line":8,"column":3}},"loc":{"start":{"line":8,"column":45},"end":{"line":10,"column":3}},"line":8}},"branchMap":{"0":{"loc":{"start":{"line":4,"column":22},"end":{"line":4,"column":33}},"type":"default-arg","locations":[{"start":{"line":4,"column":31},"end":{"line":4,"column":33}}],"line":4},"1":{"loc":{"start":{"line":8,"column":32},"end":{"line":8,"column":43}},"type":"default-arg","locations":[{"start":{"line":8,"column":41},"end":{"line":8,"column":43}}],"line":8}},"s":{"0":4,"1":0},"f":{"0":4,"1":0},"b":{"0":[2],"1":[0]},"_coverageSchema":"332fd63041d2c1bcb487cc26dd0d5f7d97098a6c","hash":"c9ed26165e4b4abeb0c4598221e66ddab6a4f249"}
,"/Users/ctanner/sites/big_creek_gardens/app/javascript/api/user_api.js": {"path":"/Users/ctanner/sites/big_creek_gardens/app/javascript/api/user_api.js","statementMap":{"0":{"start":{"line":5,"column":4},"end":{"line":5,"column":55}}},"fnMap":{"0":{"name":"(anonymous_0)","decl":{"start":{"line":4,"column":2},"end":{"line":4,"column":3}},"loc":{"start":{"line":4,"column":41},"end":{"line":6,"column":3}},"line":4}},"branchMap":{"0":{"loc":{"start":{"line":4,"column":28},"end":{"line":4,"column":39}},"type":"default-arg","locations":[{"start":{"line":4,"column":37},"end":{"line":4,"column":39}}],"line":4}},"s":{"0":2},"f":{"0":2},"b":{"0":[2]},"_coverageSchema":"332fd63041d2c1bcb487cc26dd0d5f7d97098a6c","hash":"3f9c9f6f807a1258a2b93ac75674dc23719eadf8"}
,"/Users/ctanner/sites/big_creek_gardens/app/javascript/components/account.jsx": {"path":"/Users/ctanner/sites/big_creek_gardens/app/javascript/components/account.jsx","statementMap":{"0":{"start":{"line":14,"column":4},"end":{"line":14,"column":17}},"1":{"start":{"line":15,"column":4},"end":{"line":15,"column":53}},"2":{"start":{"line":16,"column":4},"end":{"line":16,"column":53}},"3":{"start":{"line":17,"column":4},"end":{"line":17,"column":63}},"4":{"start":{"line":18,"column":4},"end":{"line":26,"column":5}},"5":{"start":{"line":30,"column":4},"end":{"line":30,"column":37}},"6":{"start":{"line":34,"column":17},"end":{"line":34,"column":19}},"7":{"start":{"line":35,"column":4},"end":{"line":35,"column":50}},"8":{"start":{"line":36,"column":4},"end":{"line":36,"column":25}},"9":{"start":{"line":40,"column":4},"end":{"line":40,"column":39}},"10":{"start":{"line":44,"column":4},"end":{"line":44,"column":26}},"11":{"start":{"line":45,"column":4},"end":{"line":47,"column":6}},"12":{"start":{"line":46,"column":6},"end":{"line":46,"column":88}},"13":{"start":{"line":51,"column":4},"end":{"line":73,"column":6}},"14":{"start":{"line":65,"column":12},"end":{"line":69,"column":17}},"15":{"start":{"line":77,"column":24},"end":{"line":82,"column":1}},"16":{"start":{"line":78,"column":2},"end":{"line":81,"column":3}}},"fnMap":{"0":{"name":"(anonymous_0)","decl":{"start":{"line":13,"column":2},"end":{"line":13,"column":3}},"loc":{"start":{"line":13,"column":21},"end":{"line":27,"column":3}},"line":13},"1":{"name":"(anonymous_1)","decl":{"start":{"line":29,"column":2},"end":{"line":29,"column":3}},"loc":{"start":{"line":29,"column":23},"end":{"line":31,"column":3}},"line":29},"2":{"name":"(anonymous_2)","decl":{"start":{"line":33,"column":2},"end":{"line":33,"column":3}},"loc":{"start":{"line":33,"column":22},"end":{"line":37,"column":3}},"line":33},"3":{"name":"(anonymous_3)","decl":{"start":{"line":39,"column":2},"end":{"line":39,"column":3}},"loc":{"start":{"line":39,"column":27},"end":{"line":41,"column":3}},"line":39},"4":{"name":"(anonymous_4)","decl":{"start":{"line":43,"column":2},"end":{"line":43,"column":3}},"loc":{"start":{"line":43,"column":22},"end":{"line":48,"column":3}},"line":43},"5":{"name":"(anonymous_5)","decl":{"start":{"line":45,"column":77},"end":{"line":45,"column":78}},"loc":{"start":{"line":45,"column":83},"end":{"line":47,"column":5}},"line":45},"6":{"name":"(anonymous_6)","decl":{"start":{"line":50,"column":2},"end":{"line":50,"column":3}},"loc":{"start":{"line":50,"column":11},"end":{"line":74,"column":3}},"line":50},"7":{"name":"(anonymous_7)","decl":{"start":{"line":64,"column":33},"end":{"line":64,"column":34}},"loc":{"start":{"line":65,"column":12},"end":{"line":69,"column":17}},"line":65},"8":{"name":"(anonymous_8)","decl":{"start":{"line":77,"column":24},"end":{"line":77,"column":25}},"loc":{"start":{"line":77,"column":35},"end":{"line":82,"column":1}},"line":77}},"branchMap":{},"s":{"0":1,"1":1,"2":1,"3":1,"4":1,"5":1,"6":0,"7":0,"8":0,"9":0,"10":0,"11":0,"12":0,"13":1,"14":0,"15":1,"16":0},"f":{"0":1,"1":1,"2":0,"3":0,"4":0,"5":0,"6":1,"7":0,"8":0},"b":{},"_coverageSchema":"332fd63041d2c1bcb487cc26dd0d5f7d97098a6c","hash":"f463460a9268c41922fba84aa70fea6737253d35"}
,"/Users/ctanner/sites/big_creek_gardens/app/javascript/components/app.jsx": {"path":"/Users/ctanner/sites/big_creek_gardens/app/javascript/components/app.jsx","statementMap":{"0":{"start":{"line":9,"column":0},"end":{"line":9,"column":35}},"1":{"start":{"line":13,"column":4},"end":{"line":20,"column":6}}},"fnMap":{"0":{"name":"(anonymous_0)","decl":{"start":{"line":12,"column":2},"end":{"line":12,"column":3}},"loc":{"start":{"line":12,"column":11},"end":{"line":21,"column":3}},"line":12}},"branchMap":{},"s":{"0":1,"1":1},"f":{"0":1},"b":{},"_coverageSchema":"332fd63041d2c1bcb487cc26dd0d5f7d97098a6c","hash":"582e5f891729b248e4dcdd9a8878ca5b61c2c1c1"}
,"/Users/ctanner/sites/big_creek_gardens/app/javascript/components/cart.jsx": {"path":"/Users/ctanner/sites/big_creek_gardens/app/javascript/components/cart.jsx","statementMap":{"0":{"start":{"line":10,"column":4},"end":{"line":10,"column":17}},"1":{"start":{"line":11,"column":4},"end":{"line":11,"column":48}},"2":{"start":{"line":15,"column":4},"end":{"line":15,"column":57}},"3":{"start":{"line":19,"column":16},"end":{"line":19,"column":17}},"4":{"start":{"line":20,"column":4},"end":{"line":22,"column":6}},"5":{"start":{"line":21,"column":6},"end":{"line":21,"column":51}},"6":{"start":{"line":23,"column":4},"end":{"line":23,"column":27}},"7":{"start":{"line":27,"column":4},"end":{"line":67,"column":6}},"8":{"start":{"line":40,"column":14},"end":{"line":43,"column":20}},"9":{"start":{"line":71,"column":24},"end":{"line":76,"column":1}},"10":{"start":{"line":72,"column":2},"end":{"line":75,"column":3}}},"fnMap":{"0":{"name":"(anonymous_0)","decl":{"start":{"line":9,"column":2},"end":{"line":9,"column":3}},"loc":{"start":{"line":9,"column":21},"end":{"line":12,"column":3}},"line":9},"1":{"name":"(anonymous_1)","decl":{"start":{"line":14,"column":2},"end":{"line":14,"column":3}},"loc":{"start":{"line":14,"column":22},"end":{"line":16,"column":3}},"line":14},"2":{"name":"(anonymous_2)","decl":{"start":{"line":18,"column":2},"end":{"line":18,"column":3}},"loc":{"start":{"line":18,"column":15},"end":{"line":24,"column":3}},"line":18},"3":{"name":"(anonymous_3)","decl":{"start":{"line":20,"column":43},"end":{"line":20,"column":44}},"loc":{"start":{"line":20,"column":53},"end":{"line":22,"column":5}},"line":20},"4":{"name":"(anonymous_4)","decl":{"start":{"line":26,"column":2},"end":{"line":26,"column":3}},"loc":{"start":{"line":26,"column":11},"end":{"line":68,"column":3}},"line":26},"5":{"name":"(anonymous_5)","decl":{"start":{"line":39,"column":48},"end":{"line":39,"column":49}},"loc":{"start":{"line":40,"column":14},"end":{"line":43,"column":20}},"line":40},"6":{"name":"(anonymous_6)","decl":{"start":{"line":71,"column":24},"end":{"line":71,"column":25}},"loc":{"start":{"line":71,"column":35},"end":{"line":76,"column":1}},"line":71}},"branchMap":{"0":{"loc":{"start":{"line":74,"column":10},"end":{"line":74,"column":26}},"type":"binary-expr","locations":[{"start":{"line":74,"column":10},"end":{"line":74,"column":20}},{"start":{"line":74,"column":24},"end":{"line":74,"column":26}}],"line":74}},"s":{"0":1,"1":1,"2":1,"3":1,"4":1,"5":0,"6":1,"7":1,"8":0,"9":1,"10":0},"f":{"0":1,"1":1,"2":1,"3":0,"4":1,"5":0,"6":0},"b":{"0":[0,0]},"_coverageSchema":"332fd63041d2c1bcb487cc26dd0d5f7d97098a6c","hash":"bf1a64e5a9c766daf215c7b63eff86d80f0aa7c8"}
,"/Users/ctanner/sites/big_creek_gardens/app/javascript/components/contact.jsx": {"path":"/Users/ctanner/sites/big_creek_gardens/app/javascript/components/contact.jsx","statementMap":{"0":{"start":{"line":8,"column":4},"end":{"line":8,"column":17}},"1":{"start":{"line":9,"column":4},"end":{"line":9,"column":54}},"2":{"start":{"line":10,"column":4},"end":{"line":10,"column":52}},"3":{"start":{"line":11,"column":4},"end":{"line":15,"column":5}},"4":{"start":{"line":19,"column":16},"end":{"line":19,"column":26}},"5":{"start":{"line":20,"column":4},"end":{"line":20,"column":49}},"6":{"start":{"line":21,"column":4},"end":{"line":21,"column":24}},"7":{"start":{"line":25,"column":4},"end":{"line":25,"column":26}},"8":{"start":{"line":26,"column":18},"end":{"line":30,"column":5}},"9":{"start":{"line":31,"column":4},"end":{"line":38,"column":6}},"10":{"start":{"line":32,"column":6},"end":{"line":32,"column":84}},"11":{"start":{"line":33,"column":6},"end":{"line":37,"column":8}},"12":{"start":{"line":42,"column":4},"end":{"line":74,"column":6}},"13":{"start":{"line":78,"column":24},"end":{"line":83,"column":1}},"14":{"start":{"line":79,"column":2},"end":{"line":82,"column":3}}},"fnMap":{"0":{"name":"(anonymous_0)","decl":{"start":{"line":7,"column":2},"end":{"line":7,"column":3}},"loc":{"start":{"line":7,"column":21},"end":{"line":16,"column":3}},"line":7},"1":{"name":"(anonymous_1)","decl":{"start":{"line":18,"column":2},"end":{"line":18,"column":3}},"loc":{"start":{"line":18,"column":22},"end":{"line":22,"column":3}},"line":18},"2":{"name":"(anonymous_2)","decl":{"start":{"line":24,"column":2},"end":{"line":24,"column":3}},"loc":{"start":{"line":24,"column":23},"end":{"line":39,"column":3}},"line":24},"3":{"name":"(anonymous_3)","decl":{"start":{"line":31,"column":54},"end":{"line":31,"column":55}},"loc":{"start":{"line":31,"column":60},"end":{"line":38,"column":5}},"line":31},"4":{"name":"(anonymous_4)","decl":{"start":{"line":41,"column":2},"end":{"line":41,"column":3}},"loc":{"start":{"line":41,"column":11},"end":{"line":75,"column":3}},"line":41},"5":{"name":"(anonymous_5)","decl":{"start":{"line":78,"column":24},"end":{"line":78,"column":25}},"loc":{"start":{"line":78,"column":35},"end":{"line":83,"column":1}},"line":78}},"branchMap":{},"s":{"0":1,"1":1,"2":1,"3":1,"4":0,"5":0,"6":0,"7":0,"8":0,"9":0,"10":0,"11":0,"12":1,"13":1,"14":0},"f":{"0":1,"1":0,"2":0,"3":0,"4":1,"5":0},"b":{},"_coverageSchema":"332fd63041d2c1bcb487cc26dd0d5f7d97098a6c","hash":"2304aceaff26ccaf4c3a22435b3540430f61fb58"}
,"/Users/ctanner/sites/big_creek_gardens/app/javascript/components/disclaimer.jsx": {"path":"/Users/ctanner/sites/big_creek_gardens/app/javascript/components/disclaimer.jsx","statementMap":{"0":{"start":{"line":6,"column":4},"end":{"line":6,"column":17}},"1":{"start":{"line":7,"column":4},"end":{"line":7,"column":50}},"2":{"start":{"line":8,"column":4},"end":{"line":10,"column":5}},"3":{"start":{"line":14,"column":4},"end":{"line":14,"column":43}},"4":{"start":{"line":18,"column":4},"end":{"line":36,"column":6}}},"fnMap":{"0":{"name":"(anonymous_0)","decl":{"start":{"line":5,"column":2},"end":{"line":5,"column":3}},"loc":{"start":{"line":5,"column":21},"end":{"line":11,"column":3}},"line":5},"1":{"name":"(anonymous_1)","decl":{"start":{"line":13,"column":2},"end":{"line":13,"column":3}},"loc":{"start":{"line":13,"column":21},"end":{"line":15,"column":3}},"line":13},"2":{"name":"(anonymous_2)","decl":{"start":{"line":17,"column":2},"end":{"line":17,"column":3}},"loc":{"start":{"line":17,"column":11},"end":{"line":37,"column":3}},"line":17}},"branchMap":{},"s":{"0":0,"1":0,"2":0,"3":0,"4":0},"f":{"0":0,"1":0,"2":0},"b":{},"_coverageSchema":"332fd63041d2c1bcb487cc26dd0d5f7d97098a6c","hash":"1d25c44f149bfb7a2262ee080f8a2524677a6d9d"}
,"/Users/ctanner/sites/big_creek_gardens/app/javascript/components/flash_message.jsx": {"path":"/Users/ctanner/sites/big_creek_gardens/app/javascript/components/flash_message.jsx","statementMap":{"0":{"start":{"line":7,"column":4},"end":{"line":7,"column":17}},"1":{"start":{"line":8,"column":4},"end":{"line":8,"column":50}},"2":{"start":{"line":12,"column":4},"end":{"line":12,"column":64}},"3":{"start":{"line":16,"column":4},"end":{"line":18,"column":5}},"4":{"start":{"line":17,"column":6},"end":{"line":17,"column":18}},"5":{"start":{"line":19,"column":4},"end":{"line":28,"column":6}},"6":{"start":{"line":32,"column":24},"end":{"line":36,"column":1}},"7":{"start":{"line":33,"column":2},"end":{"line":35,"column":3}}},"fnMap":{"0":{"name":"(anonymous_0)","decl":{"start":{"line":6,"column":2},"end":{"line":6,"column":3}},"loc":{"start":{"line":6,"column":21},"end":{"line":9,"column":3}},"line":6},"1":{"name":"(anonymous_1)","decl":{"start":{"line":11,"column":2},"end":{"line":11,"column":3}},"loc":{"start":{"line":11,"column":16},"end":{"line":13,"column":3}},"line":11},"2":{"name":"(anonymous_2)","decl":{"start":{"line":15,"column":2},"end":{"line":15,"column":3}},"loc":{"start":{"line":15,"column":11},"end":{"line":29,"column":3}},"line":15},"3":{"name":"(anonymous_3)","decl":{"start":{"line":32,"column":24},"end":{"line":32,"column":25}},"loc":{"start":{"line":32,"column":35},"end":{"line":36,"column":1}},"line":32}},"branchMap":{"0":{"loc":{"start":{"line":16,"column":4},"end":{"line":18,"column":5}},"type":"if","locations":[{"start":{"line":16,"column":4},"end":{"line":18,"column":5}},{"start":{"line":16,"column":4},"end":{"line":18,"column":5}}],"line":16}},"s":{"0":1,"1":1,"2":0,"3":1,"4":0,"5":1,"6":2,"7":0},"f":{"0":1,"1":0,"2":1,"3":0},"b":{"0":[0,1]},"_coverageSchema":"332fd63041d2c1bcb487cc26dd0d5f7d97098a6c","hash":"18d303296d45176c8aa9a35f328992f3578366c0"}
,"/Users/ctanner/sites/big_creek_gardens/app/javascript/components/footer.jsx": {"path":"/Users/ctanner/sites/big_creek_gardens/app/javascript/components/footer.jsx","statementMap":{"0":{"start":{"line":7,"column":4},"end":{"line":119,"column":6}}},"fnMap":{"0":{"name":"(anonymous_0)","decl":{"start":{"line":6,"column":2},"end":{"line":6,"column":3}},"loc":{"start":{"line":6,"column":11},"end":{"line":120,"column":3}},"line":6}},"branchMap":{},"s":{"0":1},"f":{"0":1},"b":{},"_coverageSchema":"332fd63041d2c1bcb487cc26dd0d5f7d97098a6c","hash":"39edca2af0b0531c6aea6a3a976548dc557c1017"}
,"/Users/ctanner/sites/big_creek_gardens/app/javascript/components/gallery.jsx": {"path":"/Users/ctanner/sites/big_creek_gardens/app/javascript/components/gallery.jsx","statementMap":{"0":{"start":{"line":5,"column":4},"end":{"line":9,"column":6}}},"fnMap":{"0":{"name":"(anonymous_0)","decl":{"start":{"line":4,"column":2},"end":{"line":4,"column":3}},"loc":{"start":{"line":4,"column":11},"end":{"line":10,"column":3}},"line":4}},"branchMap":{},"s":{"0":1},"f":{"0":1},"b":{},"_coverageSchema":"332fd63041d2c1bcb487cc26dd0d5f7d97098a6c","hash":"0059c5e52c054d20e434f78134ca07d3d683d9c9"}
,"/Users/ctanner/sites/big_creek_gardens/app/javascript/components/header.jsx": {"path":"/Users/ctanner/sites/big_creek_gardens/app/javascript/components/header.jsx","statementMap":{"0":{"start":{"line":10,"column":4},"end":{"line":10,"column":17}},"1":{"start":{"line":11,"column":4},"end":{"line":11,"column":46}},"2":{"start":{"line":15,"column":4},"end":{"line":15,"column":35}},"3":{"start":{"line":19,"column":19},"end":{"line":19,"column":20}},"4":{"start":{"line":20,"column":4},"end":{"line":24,"column":5}},"5":{"start":{"line":21,"column":6},"end":{"line":23,"column":8}},"6":{"start":{"line":22,"column":8},"end":{"line":22,"column":33}},"7":{"start":{"line":25,"column":4},"end":{"line":25,"column":20}},"8":{"start":{"line":29,"column":4},"end":{"line":99,"column":6}},"9":{"start":{"line":103,"column":24},"end":{"line":108,"column":1}},"10":{"start":{"line":104,"column":2},"end":{"line":107,"column":3}}},"fnMap":{"0":{"name":"(anonymous_0)","decl":{"start":{"line":9,"column":2},"end":{"line":9,"column":3}},"loc":{"start":{"line":9,"column":21},"end":{"line":12,"column":3}},"line":9},"1":{"name":"(anonymous_1)","decl":{"start":{"line":14,"column":2},"end":{"line":14,"column":3}},"loc":{"start":{"line":14,"column":22},"end":{"line":16,"column":3}},"line":14},"2":{"name":"(anonymous_2)","decl":{"start":{"line":18,"column":2},"end":{"line":18,"column":3}},"loc":{"start":{"line":18,"column":14},"end":{"line":26,"column":3}},"line":18},"3":{"name":"(anonymous_3)","decl":{"start":{"line":21,"column":45},"end":{"line":21,"column":46}},"loc":{"start":{"line":21,"column":55},"end":{"line":23,"column":7}},"line":21},"4":{"name":"(anonymous_4)","decl":{"start":{"line":28,"column":2},"end":{"line":28,"column":3}},"loc":{"start":{"line":28,"column":11},"end":{"line":100,"column":3}},"line":28},"5":{"name":"(anonymous_5)","decl":{"start":{"line":103,"column":24},"end":{"line":103,"column":25}},"loc":{"start":{"line":103,"column":35},"end":{"line":108,"column":1}},"line":103}},"branchMap":{"0":{"loc":{"start":{"line":20,"column":4},"end":{"line":24,"column":5}},"type":"if","locations":[{"start":{"line":20,"column":4},"end":{"line":24,"column":5}},{"start":{"line":20,"column":4},"end":{"line":24,"column":5}}],"line":20},"1":{"loc":{"start":{"line":20,"column":7},"end":{"line":20,"column":65}},"type":"binary-expr","locations":[{"start":{"line":20,"column":7},"end":{"line":20,"column":22}},{"start":{"line":20,"column":26},"end":{"line":20,"column":65}}],"line":20},"2":{"loc":{"start":{"line":58,"column":19},"end":{"line":63,"column":25}},"type":"binary-expr","locations":[{"start":{"line":58,"column":19},"end":{"line":58,"column":41}},{"start":{"line":59,"column":20},"end":{"line":63,"column":25}}],"line":58},"3":{"loc":{"start":{"line":65,"column":19},"end":{"line":72,"column":25}},"type":"binary-expr","locations":[{"start":{"line":65,"column":19},"end":{"line":65,"column":41}},{"start":{"line":66,"column":20},"end":{"line":72,"column":25}}],"line":65},"4":{"loc":{"start":{"line":74,"column":19},"end":{"line":79,"column":25}},"type":"binary-expr","locations":[{"start":{"line":74,"column":19},"end":{"line":74,"column":42}},{"start":{"line":75,"column":20},"end":{"line":79,"column":25}}],"line":74},"5":{"loc":{"start":{"line":81,"column":19},"end":{"line":86,"column":25}},"type":"binary-expr","locations":[{"start":{"line":81,"column":19},"end":{"line":81,"column":42}},{"start":{"line":82,"column":20},"end":{"line":86,"column":25}}],"line":81}},"s":{"0":1,"1":1,"2":1,"3":1,"4":1,"5":0,"6":0,"7":1,"8":1,"9":2,"10":0},"f":{"0":1,"1":1,"2":1,"3":0,"4":1,"5":0},"b":{"0":[0,1],"1":[1,0],"2":[1,0],"3":[1,0],"4":[1,1],"5":[1,1]},"_coverageSchema":"332fd63041d2c1bcb487cc26dd0d5f7d97098a6c","hash":"76d56e7ef6845f6c1b56fe628f32e6323cbd8971"}
,"/Users/ctanner/sites/big_creek_gardens/app/javascript/components/not_found.jsx": {"path":"/Users/ctanner/sites/big_creek_gardens/app/javascript/components/not_found.jsx","statementMap":{"0":{"start":{"line":5,"column":4},"end":{"line":28,"column":6}}},"fnMap":{"0":{"name":"(anonymous_0)","decl":{"start":{"line":4,"column":2},"end":{"line":4,"column":3}},"loc":{"start":{"line":4,"column":11},"end":{"line":29,"column":3}},"line":4}},"branchMap":{},"s":{"0":1},"f":{"0":1},"b":{},"_coverageSchema":"332fd63041d2c1bcb487cc26dd0d5f7d97098a6c","hash":"f7ff28b9e48a56842b45f2ead2a800389b93bf71"}
,"/Users/ctanner/sites/big_creek_gardens/app/javascript/components/order.jsx": {"path":"/Users/ctanner/sites/big_creek_gardens/app/javascript/components/order.jsx","statementMap":{"0":{"start":{"line":8,"column":4},"end":{"line":8,"column":17}},"1":{"start":{"line":9,"column":4},"end":{"line":13,"column":5}},"2":{"start":{"line":17,"column":4},"end":{"line":23,"column":6}},"3":{"start":{"line":18,"column":6},"end":{"line":22,"column":8}},"4":{"start":{"line":27,"column":4},"end":{"line":82,"column":6}},"5":{"start":{"line":67,"column":20},"end":{"line":72,"column":25}}},"fnMap":{"0":{"name":"(anonymous_0)","decl":{"start":{"line":7,"column":2},"end":{"line":7,"column":3}},"loc":{"start":{"line":7,"column":21},"end":{"line":14,"column":3}},"line":7},"1":{"name":"(anonymous_1)","decl":{"start":{"line":16,"column":2},"end":{"line":16,"column":3}},"loc":{"start":{"line":16,"column":23},"end":{"line":24,"column":3}},"line":16},"2":{"name":"(anonymous_2)","decl":{"start":{"line":17,"column":61},"end":{"line":17,"column":62}},"loc":{"start":{"line":17,"column":75},"end":{"line":23,"column":5}},"line":17},"3":{"name":"(anonymous_3)","decl":{"start":{"line":26,"column":2},"end":{"line":26,"column":3}},"loc":{"start":{"line":26,"column":11},"end":{"line":83,"column":3}},"line":26},"4":{"name":"(anonymous_4)","decl":{"start":{"line":66,"column":49},"end":{"line":66,"column":50}},"loc":{"start":{"line":67,"column":20},"end":{"line":72,"column":25}},"line":67}},"branchMap":{},"s":{"0":1,"1":1,"2":1,"3":0,"4":1,"5":0},"f":{"0":1,"1":1,"2":0,"3":1,"4":0},"b":{},"_coverageSchema":"332fd63041d2c1bcb487cc26dd0d5f7d97098a6c","hash":"08f05243fed5d6fe6d8e69b821dcc8bb39ee564b"}
,"/Users/ctanner/sites/big_creek_gardens/app/javascript/components/shop.jsx": {"path":"/Users/ctanner/sites/big_creek_gardens/app/javascript/components/shop.jsx","statementMap":{"0":{"start":{"line":8,"column":4},"end":{"line":8,"column":39}},"1":{"start":{"line":12,"column":4},"end":{"line":20,"column":6}},"2":{"start":{"line":16,"column":12},"end":{"line":16,"column":62}},"3":{"start":{"line":24,"column":24},"end":{"line":29,"column":1}},"4":{"start":{"line":25,"column":2},"end":{"line":28,"column":3}}},"fnMap":{"0":{"name":"(anonymous_0)","decl":{"start":{"line":7,"column":2},"end":{"line":7,"column":3}},"loc":{"start":{"line":7,"column":22},"end":{"line":9,"column":3}},"line":7},"1":{"name":"(anonymous_1)","decl":{"start":{"line":11,"column":2},"end":{"line":11,"column":3}},"loc":{"start":{"line":11,"column":11},"end":{"line":21,"column":3}},"line":11},"2":{"name":"(anonymous_2)","decl":{"start":{"line":15,"column":35},"end":{"line":15,"column":36}},"loc":{"start":{"line":16,"column":12},"end":{"line":16,"column":62}},"line":16},"3":{"name":"(anonymous_3)","decl":{"start":{"line":24,"column":24},"end":{"line":24,"column":25}},"loc":{"start":{"line":24,"column":35},"end":{"line":29,"column":1}},"line":24}},"branchMap":{},"s":{"0":1,"1":1,"2":0,"3":1,"4":0},"f":{"0":1,"1":1,"2":0,"3":0},"b":{},"_coverageSchema":"332fd63041d2c1bcb487cc26dd0d5f7d97098a6c","hash":"a64f5f80d8e0924ad0d629fb92f84c3716ef37e8"}
,"/Users/ctanner/sites/big_creek_gardens/app/javascript/components/unauthorized.jsx": {"path":"/Users/ctanner/sites/big_creek_gardens/app/javascript/components/unauthorized.jsx","statementMap":{"0":{"start":{"line":5,"column":4},"end":{"line":28,"column":6}}},"fnMap":{"0":{"name":"(anonymous_0)","decl":{"start":{"line":4,"column":2},"end":{"line":4,"column":3}},"loc":{"start":{"line":4,"column":11},"end":{"line":29,"column":3}},"line":4}},"branchMap":{},"s":{"0":1},"f":{"0":1},"b":{},"_coverageSchema":"332fd63041d2c1bcb487cc26dd0d5f7d97098a6c","hash":"26f01f7b18566be4f385b762824df94764555409"}
,"/Users/ctanner/sites/big_creek_gardens/app/javascript/components/cart/address_section.jsx": {"path":"/Users/ctanner/sites/big_creek_gardens/app/javascript/components/cart/address_section.jsx","statementMap":{"0":{"start":{"line":5,"column":16},"end":{"line":7,"column":2}},"1":{"start":{"line":6,"column":2},"end":{"line":6,"column":48}},"2":{"start":{"line":11,"column":16},"end":{"line":13,"column":6}},"3":{"start":{"line":12,"column":6},"end":{"line":12,"column":46}},"4":{"start":{"line":14,"column":4},"end":{"line":39,"column":6}}},"fnMap":{"0":{"name":"(anonymous_0)","decl":{"start":{"line":5,"column":27},"end":{"line":5,"column":28}},"loc":{"start":{"line":6,"column":2},"end":{"line":6,"column":48}},"line":6},"1":{"name":"(anonymous_1)","decl":{"start":{"line":10,"column":2},"end":{"line":10,"column":3}},"loc":{"start":{"line":10,"column":11},"end":{"line":40,"column":3}},"line":10},"2":{"name":"(anonymous_2)","decl":{"start":{"line":11,"column":29},"end":{"line":11,"column":30}},"loc":{"start":{"line":11,"column":41},"end":{"line":13,"column":5}},"line":11}},"branchMap":{},"s":{"0":4,"1":236,"2":1,"3":59,"4":1},"f":{"0":236,"1":1,"2":59},"b":{},"_coverageSchema":"332fd63041d2c1bcb487cc26dd0d5f7d97098a6c","hash":"091b5b299ec6a4782d9993a1e7542e014b97f0a7"}
,"/Users/ctanner/sites/big_creek_gardens/app/javascript/components/cart/card_section.jsx": {"path":"/Users/ctanner/sites/big_creek_gardens/app/javascript/components/cart/card_section.jsx","statementMap":{"0":{"start":{"line":6,"column":4},"end":{"line":13,"column":6}}},"fnMap":{"0":{"name":"(anonymous_0)","decl":{"start":{"line":5,"column":2},"end":{"line":5,"column":3}},"loc":{"start":{"line":5,"column":11},"end":{"line":14,"column":3}},"line":5}},"branchMap":{},"s":{"0":1},"f":{"0":1},"b":{},"_coverageSchema":"332fd63041d2c1bcb487cc26dd0d5f7d97098a6c","hash":"20b14d4c191662fd6967453e3801c82a45aaffe8"}
,"/Users/ctanner/sites/big_creek_gardens/app/javascript/components/cart/cart_item.jsx": {"path":"/Users/ctanner/sites/big_creek_gardens/app/javascript/components/cart/cart_item.jsx","statementMap":{"0":{"start":{"line":7,"column":4},"end":{"line":7,"column":17}},"1":{"start":{"line":8,"column":4},"end":{"line":8,"column":57}},"2":{"start":{"line":9,"column":4},"end":{"line":9,"column":51}},"3":{"start":{"line":10,"column":4},"end":{"line":10,"column":47}},"4":{"start":{"line":11,"column":4},"end":{"line":11,"column":63}},"5":{"start":{"line":12,"column":4},"end":{"line":12,"column":42}},"6":{"start":{"line":13,"column":4},"end":{"line":15,"column":5}},"7":{"start":{"line":19,"column":4},"end":{"line":19,"column":64}},"8":{"start":{"line":23,"column":18},"end":{"line":23,"column":33}},"9":{"start":{"line":24,"column":4},"end":{"line":24,"column":56}},"10":{"start":{"line":25,"column":4},"end":{"line":27,"column":5}},"11":{"start":{"line":26,"column":6},"end":{"line":26,"column":52}},"12":{"start":{"line":28,"column":4},"end":{"line":28,"column":35}},"13":{"start":{"line":32,"column":16},"end":{"line":32,"column":57}},"14":{"start":{"line":33,"column":4},"end":{"line":36,"column":5}},"15":{"start":{"line":34,"column":6},"end":{"line":34,"column":42}},"16":{"start":{"line":35,"column":6},"end":{"line":35,"column":55}},"17":{"start":{"line":37,"column":18},"end":{"line":37,"column":33}},"18":{"start":{"line":38,"column":4},"end":{"line":38,"column":55}},"19":{"start":{"line":39,"column":4},"end":{"line":39,"column":35}},"20":{"start":{"line":43,"column":18},"end":{"line":43,"column":33}},"21":{"start":{"line":44,"column":4},"end":{"line":44,"column":41}},"22":{"start":{"line":45,"column":4},"end":{"line":45,"column":35}},"23":{"start":{"line":49,"column":4},"end":{"line":49,"column":44}},"24":{"start":{"line":50,"column":4},"end":{"line":50,"column":57}},"25":{"start":{"line":54,"column":4},"end":{"line":81,"column":6}},"26":{"start":{"line":85,"column":24},"end":{"line":90,"column":1}},"27":{"start":{"line":86,"column":2},"end":{"line":89,"column":3}}},"fnMap":{"0":{"name":"(anonymous_0)","decl":{"start":{"line":6,"column":2},"end":{"line":6,"column":3}},"loc":{"start":{"line":6,"column":21},"end":{"line":16,"column":3}},"line":6},"1":{"name":"(anonymous_1)","decl":{"start":{"line":18,"column":2},"end":{"line":18,"column":3}},"loc":{"start":{"line":18,"column":38},"end":{"line":20,"column":3}},"line":18},"2":{"name":"(anonymous_2)","decl":{"start":{"line":22,"column":2},"end":{"line":22,"column":3}},"loc":{"start":{"line":22,"column":24},"end":{"line":29,"column":3}},"line":22},"3":{"name":"(anonymous_3)","decl":{"start":{"line":31,"column":2},"end":{"line":31,"column":3}},"loc":{"start":{"line":31,"column":21},"end":{"line":40,"column":3}},"line":31},"4":{"name":"(anonymous_4)","decl":{"start":{"line":42,"column":2},"end":{"line":42,"column":3}},"loc":{"start":{"line":42,"column":14},"end":{"line":46,"column":3}},"line":42},"5":{"name":"(anonymous_5)","decl":{"start":{"line":48,"column":2},"end":{"line":48,"column":3}},"loc":{"start":{"line":48,"column":26},"end":{"line":51,"column":3}},"line":48},"6":{"name":"(anonymous_6)","decl":{"start":{"line":53,"column":2},"end":{"line":53,"column":3}},"loc":{"start":{"line":53,"column":11},"end":{"line":82,"column":3}},"line":53},"7":{"name":"(anonymous_7)","decl":{"start":{"line":85,"column":24},"end":{"line":85,"column":25}},"loc":{"start":{"line":85,"column":35},"end":{"line":90,"column":1}},"line":85}},"branchMap":{"0":{"loc":{"start":{"line":25,"column":4},"end":{"line":27,"column":5}},"type":"if","locations":[{"start":{"line":25,"column":4},"end":{"line":27,"column":5}},{"start":{"line":25,"column":4},"end":{"line":27,"column":5}}],"line":25},"1":{"loc":{"start":{"line":33,"column":4},"end":{"line":36,"column":5}},"type":"if","locations":[{"start":{"line":33,"column":4},"end":{"line":36,"column":5}},{"start":{"line":33,"column":4},"end":{"line":36,"column":5}}],"line":33}},"s":{"0":1,"1":1,"2":1,"3":1,"4":1,"5":1,"6":1,"7":0,"8":0,"9":0,"10":0,"11":0,"12":0,"13":0,"14":0,"15":0,"16":0,"17":0,"18":0,"19":0,"20":0,"21":0,"22":0,"23":0,"24":0,"25":1,"26":2,"27":0},"f":{"0":1,"1":0,"2":0,"3":0,"4":0,"5":0,"6":1,"7":0},"b":{"0":[0,0],"1":[0,0]},"_coverageSchema":"332fd63041d2c1bcb487cc26dd0d5f7d97098a6c","hash":"ba605a0ee31101852947af2fb0915bb95510a988"}
,"/Users/ctanner/sites/big_creek_gardens/app/javascript/components/cart/checkout.jsx": {"path":"/Users/ctanner/sites/big_creek_gardens/app/javascript/components/cart/checkout.jsx","statementMap":{"0":{"start":{"line":8,"column":4},"end":{"line":14,"column":6}},"1":{"start":{"line":18,"column":24},"end":{"line":23,"column":1}},"2":{"start":{"line":19,"column":2},"end":{"line":22,"column":3}}},"fnMap":{"0":{"name":"(anonymous_0)","decl":{"start":{"line":7,"column":2},"end":{"line":7,"column":3}},"loc":{"start":{"line":7,"column":11},"end":{"line":15,"column":3}},"line":7},"1":{"name":"(anonymous_1)","decl":{"start":{"line":18,"column":24},"end":{"line":18,"column":25}},"loc":{"start":{"line":18,"column":35},"end":{"line":23,"column":1}},"line":18}},"branchMap":{},"s":{"0":1,"1":1,"2":0},"f":{"0":1,"1":0},"b":{},"_coverageSchema":"332fd63041d2c1bcb487cc26dd0d5f7d97098a6c","hash":"0a1f0be06fc2dcf0123b609028f59c6a16fa1908"}
,"/Users/ctanner/sites/big_creek_gardens/app/javascript/components/cart/checkout_confirmation.jsx": {"path":"/Users/ctanner/sites/big_creek_gardens/app/javascript/components/cart/checkout_confirmation.jsx","statementMap":{"0":{"start":{"line":6,"column":4},"end":{"line":6,"column":17}},"1":{"start":{"line":7,"column":4},"end":{"line":11,"column":5}},"2":{"start":{"line":15,"column":4},"end":{"line":21,"column":6}},"3":{"start":{"line":16,"column":6},"end":{"line":20,"column":8}},"4":{"start":{"line":25,"column":4},"end":{"line":80,"column":6}},"5":{"start":{"line":65,"column":20},"end":{"line":70,"column":25}}},"fnMap":{"0":{"name":"(anonymous_0)","decl":{"start":{"line":5,"column":2},"end":{"line":5,"column":3}},"loc":{"start":{"line":5,"column":21},"end":{"line":12,"column":3}},"line":5},"1":{"name":"(anonymous_1)","decl":{"start":{"line":14,"column":2},"end":{"line":14,"column":3}},"loc":{"start":{"line":14,"column":23},"end":{"line":22,"column":3}},"line":14},"2":{"name":"(anonymous_2)","decl":{"start":{"line":15,"column":61},"end":{"line":15,"column":62}},"loc":{"start":{"line":15,"column":75},"end":{"line":21,"column":5}},"line":15},"3":{"name":"(anonymous_3)","decl":{"start":{"line":24,"column":2},"end":{"line":24,"column":3}},"loc":{"start":{"line":24,"column":11},"end":{"line":81,"column":3}},"line":24},"4":{"name":"(anonymous_4)","decl":{"start":{"line":64,"column":49},"end":{"line":64,"column":50}},"loc":{"start":{"line":65,"column":20},"end":{"line":70,"column":25}},"line":65}},"branchMap":{},"s":{"0":1,"1":1,"2":1,"3":0,"4":1,"5":0},"f":{"0":1,"1":1,"2":0,"3":1,"4":0},"b":{},"_coverageSchema":"332fd63041d2c1bcb487cc26dd0d5f7d97098a6c","hash":"e75aa6c57c888364f098e6a2129110557f68490c"}
,"/Users/ctanner/sites/big_creek_gardens/app/javascript/components/cart/checkout_form.jsx": {"path":"/Users/ctanner/sites/big_creek_gardens/app/javascript/components/cart/checkout_form.jsx","statementMap":{"0":{"start":{"line":13,"column":4},"end":{"line":13,"column":17}},"1":{"start":{"line":14,"column":4},"end":{"line":14,"column":53}},"2":{"start":{"line":15,"column":4},"end":{"line":15,"column":49}},"3":{"start":{"line":16,"column":4},"end":{"line":16,"column":63}},"4":{"start":{"line":17,"column":4},"end":{"line":17,"column":53}},"5":{"start":{"line":18,"column":4},"end":{"line":18,"column":63}},"6":{"start":{"line":19,"column":22},"end":{"line":19,"column":50}},"7":{"start":{"line":20,"column":4},"end":{"line":30,"column":5}},"8":{"start":{"line":34,"column":4},"end":{"line":34,"column":39}},"9":{"start":{"line":38,"column":16},"end":{"line":38,"column":17}},"10":{"start":{"line":39,"column":4},"end":{"line":41,"column":6}},"11":{"start":{"line":40,"column":6},"end":{"line":40,"column":51}},"12":{"start":{"line":42,"column":4},"end":{"line":42,"column":16}},"13":{"start":{"line":46,"column":17},"end":{"line":46,"column":19}},"14":{"start":{"line":47,"column":4},"end":{"line":47,"column":50}},"15":{"start":{"line":48,"column":4},"end":{"line":48,"column":25}},"16":{"start":{"line":52,"column":4},"end":{"line":52,"column":39}},"17":{"start":{"line":56,"column":4},"end":{"line":56,"column":26}},"18":{"start":{"line":57,"column":15},"end":{"line":65,"column":5}},"19":{"start":{"line":67,"column":25},"end":{"line":72,"column":6}},"20":{"start":{"line":68,"column":6},"end":{"line":71,"column":9}},"21":{"start":{"line":74,"column":18},"end":{"line":74,"column":59}},"22":{"start":{"line":75,"column":4},"end":{"line":83,"column":6}},"23":{"start":{"line":80,"column":6},"end":{"line":80,"column":44}},"24":{"start":{"line":81,"column":6},"end":{"line":81,"column":59}},"25":{"start":{"line":82,"column":6},"end":{"line":82,"column":91}},"26":{"start":{"line":87,"column":4},"end":{"line":89,"column":5}},"27":{"start":{"line":88,"column":6},"end":{"line":88,"column":69}},"28":{"start":{"line":91,"column":4},"end":{"line":125,"column":6}},"29":{"start":{"line":106,"column":16},"end":{"line":112,"column":21}},"30":{"start":{"line":128,"column":24},"end":{"line":133,"column":1}},"31":{"start":{"line":129,"column":2},"end":{"line":132,"column":3}},"32":{"start":{"line":136,"column":27},"end":{"line":136,"column":53}}},"fnMap":{"0":{"name":"(anonymous_0)","decl":{"start":{"line":12,"column":2},"end":{"line":12,"column":3}},"loc":{"start":{"line":12,"column":21},"end":{"line":31,"column":3}},"line":12},"1":{"name":"(anonymous_1)","decl":{"start":{"line":33,"column":2},"end":{"line":33,"column":3}},"loc":{"start":{"line":33,"column":22},"end":{"line":35,"column":3}},"line":33},"2":{"name":"(anonymous_2)","decl":{"start":{"line":37,"column":2},"end":{"line":37,"column":3}},"loc":{"start":{"line":37,"column":15},"end":{"line":43,"column":3}},"line":37},"3":{"name":"(anonymous_3)","decl":{"start":{"line":39,"column":43},"end":{"line":39,"column":44}},"loc":{"start":{"line":39,"column":53},"end":{"line":41,"column":5}},"line":39},"4":{"name":"(anonymous_4)","decl":{"start":{"line":45,"column":2},"end":{"line":45,"column":3}},"loc":{"start":{"line":45,"column":22},"end":{"line":49,"column":3}},"line":45},"5":{"name":"(anonymous_5)","decl":{"start":{"line":51,"column":2},"end":{"line":51,"column":3}},"loc":{"start":{"line":51,"column":27},"end":{"line":53,"column":3}},"line":51},"6":{"name":"(anonymous_6)","decl":{"start":{"line":55,"column":2},"end":{"line":55,"column":3}},"loc":{"start":{"line":55,"column":28},"end":{"line":84,"column":3}},"line":55},"7":{"name":"(anonymous_7)","decl":{"start":{"line":67,"column":60},"end":{"line":67,"column":61}},"loc":{"start":{"line":67,"column":72},"end":{"line":72,"column":5}},"line":67},"8":{"name":"(anonymous_8)","decl":{"start":{"line":79,"column":12},"end":{"line":79,"column":13}},"loc":{"start":{"line":79,"column":26},"end":{"line":83,"column":5}},"line":79},"9":{"name":"(anonymous_9)","decl":{"start":{"line":86,"column":2},"end":{"line":86,"column":3}},"loc":{"start":{"line":86,"column":11},"end":{"line":126,"column":3}},"line":86},"10":{"name":"(anonymous_10)","decl":{"start":{"line":105,"column":50},"end":{"line":105,"column":51}},"loc":{"start":{"line":106,"column":16},"end":{"line":112,"column":21}},"line":106},"11":{"name":"(anonymous_11)","decl":{"start":{"line":128,"column":24},"end":{"line":128,"column":25}},"loc":{"start":{"line":128,"column":35},"end":{"line":133,"column":1}},"line":128}},"branchMap":{"0":{"loc":{"start":{"line":19,"column":22},"end":{"line":19,"column":50}},"type":"binary-expr","locations":[{"start":{"line":19,"column":22},"end":{"line":19,"column":44}},{"start":{"line":19,"column":48},"end":{"line":19,"column":50}}],"line":19},"1":{"loc":{"start":{"line":87,"column":4},"end":{"line":89,"column":5}},"type":"if","locations":[{"start":{"line":87,"column":4},"end":{"line":89,"column":5}},{"start":{"line":87,"column":4},"end":{"line":89,"column":5}}],"line":87},"2":{"loc":{"start":{"line":131,"column":10},"end":{"line":131,"column":26}},"type":"binary-expr","locations":[{"start":{"line":131,"column":10},"end":{"line":131,"column":20}},{"start":{"line":131,"column":24},"end":{"line":131,"column":26}}],"line":131}},"s":{"0":1,"1":1,"2":1,"3":1,"4":1,"5":1,"6":1,"7":1,"8":1,"9":2,"10":2,"11":0,"12":2,"13":0,"14":0,"15":0,"16":0,"17":0,"18":0,"19":0,"20":0,"21":0,"22":0,"23":0,"24":0,"25":0,"26":1,"27":0,"28":1,"29":0,"30":2,"31":0,"32":2},"f":{"0":1,"1":1,"2":2,"3":0,"4":0,"5":0,"6":0,"7":0,"8":0,"9":1,"10":0,"11":0},"b":{"0":[1,0],"1":[0,1],"2":[0,0]},"_coverageSchema":"332fd63041d2c1bcb487cc26dd0d5f7d97098a6c","hash":"1922c3de6d04653f3254ff892e7adc2fb5e2806d"}
,"/Users/ctanner/sites/big_creek_gardens/app/javascript/components/cart/user_section.jsx": {"path":"/Users/ctanner/sites/big_creek_gardens/app/javascript/components/cart/user_section.jsx","statementMap":{"0":{"start":{"line":5,"column":4},"end":{"line":22,"column":6}}},"fnMap":{"0":{"name":"(anonymous_0)","decl":{"start":{"line":4,"column":2},"end":{"line":4,"column":3}},"loc":{"start":{"line":4,"column":11},"end":{"line":23,"column":3}},"line":4}},"branchMap":{},"s":{"0":1},"f":{"0":1},"b":{},"_coverageSchema":"332fd63041d2c1bcb487cc26dd0d5f7d97098a6c","hash":"9de895a38de6b59bd15068ff59d26dc536c6c2a3"}
,"/Users/ctanner/sites/big_creek_gardens/app/javascript/components/products/product_tile.jsx": {"path":"/Users/ctanner/sites/big_creek_gardens/app/javascript/components/products/product_tile.jsx","statementMap":{"0":{"start":{"line":10,"column":4},"end":{"line":10,"column":17}},"1":{"start":{"line":11,"column":4},"end":{"line":11,"column":46}},"2":{"start":{"line":15,"column":18},"end":{"line":15,"column":39}},"3":{"start":{"line":16,"column":4},"end":{"line":22,"column":5}},"4":{"start":{"line":17,"column":6},"end":{"line":17,"column":54}},"5":{"start":{"line":19,"column":6},"end":{"line":19,"column":41}},"6":{"start":{"line":20,"column":6},"end":{"line":20,"column":53}},"7":{"start":{"line":21,"column":6},"end":{"line":21,"column":69}},"8":{"start":{"line":23,"column":4},"end":{"line":23,"column":47}},"9":{"start":{"line":24,"column":4},"end":{"line":24,"column":57}},"10":{"start":{"line":25,"column":4},"end":{"line":25,"column":105}},"11":{"start":{"line":29,"column":4},"end":{"line":47,"column":6}},"12":{"start":{"line":51,"column":24},"end":{"line":56,"column":1}},"13":{"start":{"line":52,"column":2},"end":{"line":55,"column":3}}},"fnMap":{"0":{"name":"(anonymous_0)","decl":{"start":{"line":9,"column":2},"end":{"line":9,"column":3}},"loc":{"start":{"line":9,"column":21},"end":{"line":12,"column":3}},"line":9},"1":{"name":"(anonymous_1)","decl":{"start":{"line":14,"column":2},"end":{"line":14,"column":3}},"loc":{"start":{"line":14,"column":14},"end":{"line":26,"column":3}},"line":14},"2":{"name":"(anonymous_2)","decl":{"start":{"line":28,"column":2},"end":{"line":28,"column":3}},"loc":{"start":{"line":28,"column":11},"end":{"line":48,"column":3}},"line":28},"3":{"name":"(anonymous_3)","decl":{"start":{"line":51,"column":24},"end":{"line":51,"column":25}},"loc":{"start":{"line":51,"column":35},"end":{"line":56,"column":1}},"line":51}},"branchMap":{"0":{"loc":{"start":{"line":15,"column":18},"end":{"line":15,"column":39}},"type":"binary-expr","locations":[{"start":{"line":15,"column":18},"end":{"line":15,"column":33}},{"start":{"line":15,"column":37},"end":{"line":15,"column":39}}],"line":15},"1":{"loc":{"start":{"line":16,"column":4},"end":{"line":22,"column":5}},"type":"if","locations":[{"start":{"line":16,"column":4},"end":{"line":22,"column":5}},{"start":{"line":16,"column":4},"end":{"line":22,"column":5}}],"line":16}},"s":{"0":1,"1":1,"2":0,"3":0,"4":0,"5":0,"6":0,"7":0,"8":0,"9":0,"10":0,"11":1,"12":2,"13":0},"f":{"0":1,"1":0,"2":1,"3":0},"b":{"0":[0,0],"1":[0,0]},"_coverageSchema":"332fd63041d2c1bcb487cc26dd0d5f7d97098a6c","hash":"d320b84a3e4f9ab33bc0214180dfefc644625086"}
,"/Users/ctanner/sites/big_creek_gardens/app/javascript/reducers/cart.js": {"path":"/Users/ctanner/sites/big_creek_gardens/app/javascript/reducers/cart.js","statementMap":{"0":{"start":{"line":3,"column":18},"end":{"line":10,"column":1}},"1":{"start":{"line":4,"column":2},"end":{"line":9,"column":3}},"2":{"start":{"line":6,"column":6},"end":{"line":6,"column":25}},"3":{"start":{"line":8,"column":6},"end":{"line":8,"column":19}}},"fnMap":{"0":{"name":"(anonymous_0)","decl":{"start":{"line":3,"column":18},"end":{"line":3,"column":19}},"loc":{"start":{"line":3,"column":48},"end":{"line":10,"column":1}},"line":3}},"branchMap":{"0":{"loc":{"start":{"line":3,"column":28},"end":{"line":3,"column":38}},"type":"default-arg","locations":[{"start":{"line":3,"column":36},"end":{"line":3,"column":38}}],"line":3},"1":{"loc":{"start":{"line":4,"column":2},"end":{"line":9,"column":3}},"type":"switch","locations":[{"start":{"line":5,"column":4},"end":{"line":6,"column":25}},{"start":{"line":7,"column":4},"end":{"line":8,"column":19}}],"line":4}},"s":{"0":1,"1":2,"2":1,"3":1},"f":{"0":2},"b":{"0":[1],"1":[1,1]},"_coverageSchema":"332fd63041d2c1bcb487cc26dd0d5f7d97098a6c","hash":"357a81f60dba7eb87acec10b7c9f1d6757baabbc"}
,"/Users/ctanner/sites/big_creek_gardens/app/javascript/reducers/flash.js": {"path":"/Users/ctanner/sites/big_creek_gardens/app/javascript/reducers/flash.js","statementMap":{"0":{"start":{"line":3,"column":26},"end":{"line":12,"column":1}},"1":{"start":{"line":4,"column":2},"end":{"line":11,"column":3}},"2":{"start":{"line":6,"column":6},"end":{"line":6,"column":72}},"3":{"start":{"line":8,"column":6},"end":{"line":8,"column":44}},"4":{"start":{"line":10,"column":6},"end":{"line":10,"column":19}}},"fnMap":{"0":{"name":"(anonymous_0)","decl":{"start":{"line":3,"column":26},"end":{"line":3,"column":27}},"loc":{"start":{"line":3,"column":56},"end":{"line":12,"column":1}},"line":3}},"branchMap":{"0":{"loc":{"start":{"line":3,"column":36},"end":{"line":3,"column":46}},"type":"default-arg","locations":[{"start":{"line":3,"column":44},"end":{"line":3,"column":46}}],"line":3},"1":{"loc":{"start":{"line":4,"column":2},"end":{"line":11,"column":3}},"type":"switch","locations":[{"start":{"line":5,"column":4},"end":{"line":6,"column":72}},{"start":{"line":7,"column":4},"end":{"line":8,"column":44}},{"start":{"line":9,"column":4},"end":{"line":10,"column":19}}],"line":4}},"s":{"0":1,"1":3,"2":1,"3":1,"4":1},"f":{"0":3},"b":{"0":[1],"1":[1,1,1]},"_coverageSchema":"332fd63041d2c1bcb487cc26dd0d5f7d97098a6c","hash":"121a10e6e0944a7a5d37b09008f11a228e270aaa"}
,"/Users/ctanner/sites/big_creek_gardens/app/javascript/reducers/order.js": {"path":"/Users/ctanner/sites/big_creek_gardens/app/javascript/reducers/order.js","statementMap":{"0":{"start":{"line":3,"column":20},"end":{"line":10,"column":1}},"1":{"start":{"line":4,"column":2},"end":{"line":9,"column":3}},"2":{"start":{"line":6,"column":6},"end":{"line":6,"column":27}},"3":{"start":{"line":8,"column":6},"end":{"line":8,"column":19}},"4":{"start":{"line":12,"column":19},"end":{"line":19,"column":1}},"5":{"start":{"line":13,"column":2},"end":{"line":18,"column":3}},"6":{"start":{"line":15,"column":6},"end":{"line":15,"column":26}},"7":{"start":{"line":17,"column":6},"end":{"line":17,"column":19}}},"fnMap":{"0":{"name":"(anonymous_0)","decl":{"start":{"line":3,"column":20},"end":{"line":3,"column":21}},"loc":{"start":{"line":3,"column":50},"end":{"line":10,"column":1}},"line":3},"1":{"name":"(anonymous_1)","decl":{"start":{"line":12,"column":19},"end":{"line":12,"column":20}},"loc":{"start":{"line":12,"column":49},"end":{"line":19,"column":1}},"line":12}},"branchMap":{"0":{"loc":{"start":{"line":3,"column":30},"end":{"line":3,"column":40}},"type":"default-arg","locations":[{"start":{"line":3,"column":38},"end":{"line":3,"column":40}}],"line":3},"1":{"loc":{"start":{"line":4,"column":2},"end":{"line":9,"column":3}},"type":"switch","locations":[{"start":{"line":5,"column":4},"end":{"line":6,"column":27}},{"start":{"line":7,"column":4},"end":{"line":8,"column":19}}],"line":4},"2":{"loc":{"start":{"line":12,"column":29},"end":{"line":12,"column":39}},"type":"default-arg","locations":[{"start":{"line":12,"column":37},"end":{"line":12,"column":39}}],"line":12},"3":{"loc":{"start":{"line":13,"column":2},"end":{"line":18,"column":3}},"type":"switch","locations":[{"start":{"line":14,"column":4},"end":{"line":15,"column":26}},{"start":{"line":16,"column":4},"end":{"line":17,"column":19}}],"line":13}},"s":{"0":1,"1":2,"2":1,"3":1,"4":1,"5":2,"6":1,"7":1},"f":{"0":2,"1":2},"b":{"0":[1],"1":[1,1],"2":[1],"3":[1,1]},"_coverageSchema":"332fd63041d2c1bcb487cc26dd0d5f7d97098a6c","hash":"e4c5df4387a1050c1880f1313161efe0b86d73e5"}
,"/Users/ctanner/sites/big_creek_gardens/app/javascript/reducers/product.js": {"path":"/Users/ctanner/sites/big_creek_gardens/app/javascript/reducers/product.js","statementMap":{"0":{"start":{"line":3,"column":22},"end":{"line":10,"column":1}},"1":{"start":{"line":4,"column":2},"end":{"line":9,"column":3}},"2":{"start":{"line":6,"column":6},"end":{"line":6,"column":29}},"3":{"start":{"line":8,"column":6},"end":{"line":8,"column":19}},"4":{"start":{"line":12,"column":21},"end":{"line":19,"column":1}},"5":{"start":{"line":13,"column":2},"end":{"line":18,"column":3}},"6":{"start":{"line":15,"column":6},"end":{"line":15,"column":28}},"7":{"start":{"line":17,"column":6},"end":{"line":17,"column":19}}},"fnMap":{"0":{"name":"(anonymous_0)","decl":{"start":{"line":3,"column":22},"end":{"line":3,"column":23}},"loc":{"start":{"line":3,"column":52},"end":{"line":10,"column":1}},"line":3},"1":{"name":"(anonymous_1)","decl":{"start":{"line":12,"column":21},"end":{"line":12,"column":22}},"loc":{"start":{"line":12,"column":51},"end":{"line":19,"column":1}},"line":12}},"branchMap":{"0":{"loc":{"start":{"line":3,"column":32},"end":{"line":3,"column":42}},"type":"default-arg","locations":[{"start":{"line":3,"column":40},"end":{"line":3,"column":42}}],"line":3},"1":{"loc":{"start":{"line":4,"column":2},"end":{"line":9,"column":3}},"type":"switch","locations":[{"start":{"line":5,"column":4},"end":{"line":6,"column":29}},{"start":{"line":7,"column":4},"end":{"line":8,"column":19}}],"line":4},"2":{"loc":{"start":{"line":12,"column":31},"end":{"line":12,"column":41}},"type":"default-arg","locations":[{"start":{"line":12,"column":39},"end":{"line":12,"column":41}}],"line":12},"3":{"loc":{"start":{"line":13,"column":2},"end":{"line":18,"column":3}},"type":"switch","locations":[{"start":{"line":14,"column":4},"end":{"line":15,"column":28}},{"start":{"line":16,"column":4},"end":{"line":17,"column":19}}],"line":13}},"s":{"0":1,"1":2,"2":1,"3":1,"4":1,"5":0,"6":0,"7":0},"f":{"0":2,"1":0},"b":{"0":[1],"1":[1,1],"2":[0],"3":[0,0]},"_coverageSchema":"332fd63041d2c1bcb487cc26dd0d5f7d97098a6c","hash":"21e8bdb332bf8927ae89f03ee45dc20aa88de4fe"}
,"/Users/ctanner/sites/big_creek_gardens/app/javascript/reducers/user.js": {"path":"/Users/ctanner/sites/big_creek_gardens/app/javascript/reducers/user.js","statementMap":{"0":{"start":{"line":1,"column":25},"end":{"line":3,"column":1}},"1":{"start":{"line":2,"column":2},"end":{"line":2,"column":26}}},"fnMap":{"0":{"name":"(anonymous_0)","decl":{"start":{"line":1,"column":25},"end":{"line":1,"column":26}},"loc":{"start":{"line":1,"column":37},"end":{"line":3,"column":1}},"line":1}},"branchMap":{},"s":{"0":1,"1":2},"f":{"0":2},"b":{},"_coverageSchema":"332fd63041d2c1bcb487cc26dd0d5f7d97098a6c","hash":"0f88412e8a2ad7333a81d0629e2bb957ab6d163d"}
}
